#
# A fatal error has been detected by the Java Runtime Environment:
#
#  SIGSEGV (0xb) at pc=0x00007f7ae9016694, pid=15350, tid=140164801165056
#
# JRE version: Java(TM) SE Runtime Environment (7.0_45-b18) (build 1.7.0_45-b18)
# Java VM: Java HotSpot(TM) 64-Bit Server VM (24.45-b08 mixed mode linux-amd64 compressed oops)
# Problematic frame:
# j  org.codehaus.groovy.grails.orm.hibernate.HibernateGormStaticApi.executeQuery(Ljava/lang/String;)Ljava/util/List;+28
#
# Failed to write core dump. Core dumps have been disabled. To enable core dumping, try "ulimit -c unlimited" before starting Java again
#
# If you would like to submit a bug report, please visit:
#   http://bugreport.sun.com/bugreport/crash.jsp
#

---------------  T H R E A D  ---------------

Current thread (0x00007f7a84007800):  JavaThread "localhost-startStop-1" daemon [_thread_in_Java, id=15393, stack(0x00007f7aa91ef000,0x00007f7aa92f0000)]

siginfo:si_signo=SIGSEGV: si_errno=0, si_code=1 (SEGV_MAPERR), si_addr=0x0000000000001fa8

Registers:
RAX=0x0000000000001fa0, RBX=0x0000000000000000, RCX=0x0000000000000000, RDX=0x00000000f81dd918
RSP=0x00007f7aa92ec1b8, RBP=0x00007f7aa92ec238, RSI=0x00000000f81dd918, RDI=0x00007f7a84007800
R8 =0x0000000000000001, R9 =0x0000000000000001, R10=0x00007f7af2c1a4e0, R11=0x0000000000000001
R12=0x0000000000000000, R13=0x00000000c55c24b2, R14=0x00007f7aa92ec258, R15=0x00007f7a84007800
RIP=0x00007f7ae9016694, EFLAGS=0x0000000000010206, CSGSFS=0x0000000000000033, ERR=0x0000000000000004
  TRAPNO=0x000000000000000e

Top of Stack: (sp=0x00007f7aa92ec1b8)
0x00007f7aa92ec1b8:   0000000000001fa0 0000000000000000
0x00007f7aa92ec1c8:   00000000f81dd918 00000000f81dd918
0x00007f7aa92ec1d8:   00000000d510ccb0 00000000d4e7d8a8
0x00007f7aa92ec1e8:   00000000db100cf0 00000000dadae690
0x00007f7aa92ec1f8:   00007f7aa92ec1f8 00000000c55c24ac
0x00007f7aa92ec208:   00007f7aa92ec258 00000000c55cd148
0x00007f7aa92ec218:   0000000000000000 00000000c55c24f8
0x00007f7aa92ec228:   0000000000000000 00007f7aa92ec250
0x00007f7aa92ec238:   00007f7aa92ec2a0 00007f7ae9006233
0x00007f7aa92ec248:   00000000dadadf80 0000000000001fa0
0x00007f7aa92ec258:   00000000db0fde00 00007f7aa92ec260
0x00007f7aa92ec268:   00000000c4cd9596 00007f7aa92ec2c0
0x00007f7aa92ec278:   00000000c4cee950 0000000000000000
0x00007f7aa92ec288:   00000000c4cd95f8 00007f7aa92ec250
0x00007f7aa92ec298:   00007f7aa92ec2c0 00007f7aa92ec308
0x00007f7aa92ec2a8:   00007f7ae9006233 00000000db0fde00
0x00007f7aa92ec2b8:   00000000f81d9d18 0000000000001fa0
0x00007f7aa92ec2c8:   00007f7aa92ec2c8 00000000c4cc4841
0x00007f7aa92ec2d8:   00007f7aa92ec328 00000000c4ce6ff0
0x00007f7aa92ec2e8:   0000000000000000 00000000c4cc4848
0x00007f7aa92ec2f8:   00007f7aa92ec2c0 00007f7aa92ec318
0x00007f7aa92ec308:   00007f7aa92ec370 00007f7ae90068e1
0x00007f7aa92ec318:   0000000000001fa0 0000000000000000
0x00007f7aa92ec328:   00000000d97104e0 00007f7aa92ec330
0x00007f7aa92ec338:   00000000c2fd13c7 00007f7aa92ec390
0x00007f7aa92ec348:   00000000c33b7078 0000000000000000
0x00007f7aa92ec358:   00000000c2fd14a8 00007f7aa92ec318
0x00007f7aa92ec368:   00007f7aa92ec390 00007f7aa92ec3f0
0x00007f7aa92ec378:   00007f7ae90004e7 0000000000000000
0x00007f7aa92ec388:   0000000000000000 0000000000001fa0
0x00007f7aa92ec398:   00007f7aa92ec700 00007f7aa92ec470
0x00007f7aa92ec3a8:   00007f7aa92ec600 00007f7a84007800 

Instructions: (pc=0x00007f7ae9016694)
0x00007f7ae9016674:   8b 4c 24 08 48 8b 54 24 10 48 63 c9 3b 4a 0c 8b
0x00007f7ae9016684:   d9 0f 83 d5 97 ff ff 48 85 c0 0f 84 29 01 00 00
0x00007f7ae9016694:   8b 58 08 8b 42 08 48 8b 80 f0 00 00 00 48 8d 54
0x00007f7ae90166a4:   8a 10 48 8b 4d e0 48 85 c9 0f 84 8a 00 00 00 48 

Register to memory mapping:

RAX=0x0000000000001fa0 is an unknown value
RBX=0x0000000000000000 is an unknown value
RCX=0x0000000000000000 is an unknown value
RDX=0x00000000f81dd918 is an oop
[Ljava.lang.Object; 
 - klass: 'java/lang/Object'[]
 - length: 1
RSP=0x00007f7aa92ec1b8 is pointing into the stack for thread: 0x00007f7a84007800
RBP=0x00007f7aa92ec238 is pointing into the stack for thread: 0x00007f7a84007800
RSI=0x00000000f81dd918 is an oop
[Ljava.lang.Object; 
 - klass: 'java/lang/Object'[]
 - length: 1
RDI=0x00007f7a84007800 is a thread
R8 =0x0000000000000001 is an unknown value
R9 =0x0000000000000001 is an unknown value
R10=0x00007f7af2c1a4e0: <offset 0xe414e0> in /home/wufei/dev/java/jdk1.7.0_45/jre/lib/amd64/server/libjvm.so at 0x00007f7af1dd9000
R11=0x0000000000000001 is an unknown value
R12=0x0000000000000000 is an unknown value
R13=0x00000000c55c24b2 is pointing into object: 0x00000000c55c2450
{constMethod} 
 - klass: {other class}
 - constants:       0x00000000c55bbca0 constant pool [1223] for 'org/codehaus/groovy/grails/orm/hibernate/HibernateGormStaticApi' cache=0x00000000c55cd148
bci_from(0xc55c24b2) = 34; print_codes():
R14=0x00007f7aa92ec258 is pointing into the stack for thread: 0x00007f7a84007800
R15=0x00007f7a84007800 is a thread


Stack: [0x00007f7aa91ef000,0x00007f7aa92f0000],  sp=0x00007f7aa92ec1b8,  free space=1012k
Native frames: (J=compiled Java code, j=interpreted, Vv=VM code, C=native code)
j  org.codehaus.groovy.grails.orm.hibernate.HibernateGormStaticApi.executeQuery(Ljava/lang/String;)Ljava/util/List;+28
j  ship.DaiFaGoods$$EOig0qMC.executeQuery(Ljava/lang/String;)Ljava/util/List;+118
j  ship.DaiFaGoods$$DOig0qMC.executeQuery(Lship/DaiFaGoods;Ljava/lang/String;)Ljava/util/List;+1
j  ship.DaiFaGoods.executeQuery(Ljava/lang/String;)Ljava/util/List;+23
v  ~StubRoutines::call_stub
V  [libjvm.so+0x5f8485]  JavaCalls::call_helper(JavaValue*, methodHandle*, JavaCallArguments*, Thread*)+0x365
V  [libjvm.so+0x5f6ee8]  JavaCalls::call(JavaValue*, methodHandle, JavaCallArguments*, Thread*)+0x28
V  [libjvm.so+0x888f6f]  Reflection::invoke(instanceKlassHandle, methodHandle, Handle, bool, objArrayHandle, BasicType, objArrayHandle, bool, Thread*)+0x47f
V  [libjvm.so+0x889d20]  Reflection::invoke_method(oopDesc*, Handle, objArrayHandle, Thread*)+0x160
V  [libjvm.so+0x67fb14]  JVM_InvokeMethod+0x224
j  sun.reflect.NativeMethodAccessorImpl.invoke0(Ljava/lang/reflect/Method;Ljava/lang/Object;[Ljava/lang/Object;)Ljava/lang/Object;+0
j  sun.reflect.NativeMethodAccessorImpl.invoke(Ljava/lang/Object;[Ljava/lang/Object;)Ljava/lang/Object;+87
J  java.lang.reflect.Method.invoke(Ljava/lang/Object;[Ljava/lang/Object;)Ljava/lang/Object;
J  org.codehaus.groovy.reflection.CachedMethod.invoke(Ljava/lang/Object;[Ljava/lang/Object;)Ljava/lang/Object;
j  groovy.lang.MetaClassImpl.invokePropertyOrMissing(Ljava/lang/Object;Ljava/lang/String;[Ljava/lang/Object;ZZ)Ljava/lang/Object;+19
j  groovy.lang.MetaClassImpl.invokeMethod(Ljava/lang/Class;Ljava/lang/Object;Ljava/lang/String;[Ljava/lang/Object;ZZ)Ljava/lang/Object;+1089


---------------  P R O C E S S  ---------------

Java Threads: ( => current thread )
  0x00007f7a6c8c6800 JavaThread "quartzScheduler_QuartzSchedulerThread" [_thread_blocked, id=15407, stack(0x00007f7aa84e2000,0x00007f7aa85e3000)]
  0x00007f7a6c8c4000 JavaThread "quartzScheduler_Worker-10" [_thread_blocked, id=15406, stack(0x00007f7aa85e3000,0x00007f7aa86e4000)]
  0x00007f7a6c8ba800 JavaThread "quartzScheduler_Worker-9" [_thread_blocked, id=15405, stack(0x00007f7aa86e4000,0x00007f7aa87e5000)]
  0x00007f7a6c8b8800 JavaThread "quartzScheduler_Worker-8" [_thread_blocked, id=15404, stack(0x00007f7aa87e5000,0x00007f7aa88e6000)]
  0x00007f7a6c8b6800 JavaThread "quartzScheduler_Worker-7" [_thread_blocked, id=15403, stack(0x00007f7aa88e6000,0x00007f7aa89e7000)]
  0x00007f7a6c8b4000 JavaThread "quartzScheduler_Worker-6" [_thread_blocked, id=15402, stack(0x00007f7aa89e7000,0x00007f7aa8ae8000)]
  0x00007f7a6c8b2000 JavaThread "quartzScheduler_Worker-5" [_thread_blocked, id=15401, stack(0x00007f7aa8ae8000,0x00007f7aa8be9000)]
  0x00007f7a6c8b0000 JavaThread "quartzScheduler_Worker-4" [_thread_blocked, id=15400, stack(0x00007f7aa8be9000,0x00007f7aa8cea000)]
  0x00007f7a6c8ae000 JavaThread "quartzScheduler_Worker-3" [_thread_blocked, id=15399, stack(0x00007f7aa8cea000,0x00007f7aa8deb000)]
  0x00007f7a6c8ac800 JavaThread "quartzScheduler_Worker-2" [_thread_blocked, id=15398, stack(0x00007f7aa8deb000,0x00007f7aa8eec000)]
  0x00007f7a6c8ab000 JavaThread "quartzScheduler_Worker-1" [_thread_blocked, id=15397, stack(0x00007f7aa8eec000,0x00007f7aa8fed000)]
  0x00007f7a6c746800 JavaThread "net.sf.ehcache.CacheManager@4f7823b0" daemon [_thread_blocked, id=15396, stack(0x00007f7aa8fed000,0x00007f7aa90ee000)]
  0x00007f7a6c59c800 JavaThread "MySQL Statement Cancellation Timer" daemon [_thread_blocked, id=15395, stack(0x00007f7aa90ee000,0x00007f7aa91ef000)]
=>0x00007f7a84007800 JavaThread "localhost-startStop-1" daemon [_thread_in_Java, id=15393, stack(0x00007f7aa91ef000,0x00007f7aa92f0000)]
  0x00007f7aecec9800 JavaThread "Tomcat-startStop-1" daemon [_thread_blocked, id=15392, stack(0x00007f7aa99fd000,0x00007f7aa9afe000)]
  0x00007f7aecd43800 JavaThread "pool-2-thread-5" [_thread_blocked, id=15385, stack(0x00007f7aa94f8000,0x00007f7aa95f9000)]
  0x00007f7aecd41000 JavaThread "pool-2-thread-4" [_thread_blocked, id=15384, stack(0x00007f7aa95f9000,0x00007f7aa96fa000)]
  0x00007f7aec64b000 JavaThread "pool-2-thread-3" [_thread_blocked, id=15383, stack(0x00007f7aa96fa000,0x00007f7aa97fb000)]
  0x00007f7aec649000 JavaThread "pool-2-thread-2" [_thread_blocked, id=15382, stack(0x00007f7aa97fb000,0x00007f7aa98fc000)]
  0x00007f7aec645800 JavaThread "pool-2-thread-1" [_thread_blocked, id=15381, stack(0x00007f7aa98fc000,0x00007f7aa99fd000)]
  0x00007f7aec1ed000 JavaThread "pool-1-thread-5" [_thread_blocked, id=15379, stack(0x00007f7aa9afe000,0x00007f7aa9bff000)]
  0x00007f7aec1eb000 JavaThread "pool-1-thread-4" [_thread_blocked, id=15378, stack(0x00007f7aa9bff000,0x00007f7aa9d00000)]
  0x00007f7aec73d000 JavaThread "pool-1-thread-3" [_thread_blocked, id=15377, stack(0x00007f7aa9d00000,0x00007f7aa9e01000)]
  0x00007f7aec73b000 JavaThread "pool-1-thread-2" [_thread_blocked, id=15376, stack(0x00007f7aa9e01000,0x00007f7aa9f02000)]
  0x00007f7aec739000 JavaThread "pool-1-thread-1" [_thread_blocked, id=15375, stack(0x00007f7aa9f02000,0x00007f7aaa003000)]
  0x00007f7aed0cc000 JavaThread "Java2D Disposer" daemon [_thread_blocked, id=15374, stack(0x00007f7aaa003000,0x00007f7aaa104000)]
  0x00007f7aed090800 JavaThread "FileSystemWatcher: files=#551 cl=java.net.URLClassLoader@63345875" daemon [_thread_blocked, id=15373, stack(0x00007f7aabc98000,0x00007f7aabd99000)]
  0x00007f7aec1fe000 JavaThread "Monitor Ctrl-Break" daemon [_thread_in_native, id=15364, stack(0x00007f7ae086b000,0x00007f7ae096c000)]
  0x00007f7aec1bb000 JavaThread "Service Thread" daemon [_thread_blocked, id=15362, stack(0x00007f7ae0c6f000,0x00007f7ae0d70000)]
  0x00007f7aec1b9000 JavaThread "C2 CompilerThread1" daemon [_thread_blocked, id=15361, stack(0x00007f7ae0d70000,0x00007f7ae0e71000)]
  0x00007f7aec1b1000 JavaThread "C2 CompilerThread0" daemon [_thread_blocked, id=15360, stack(0x00007f7ae0e71000,0x00007f7ae0f72000)]
  0x00007f7aec14f800 JavaThread "Signal Dispatcher" daemon [_thread_blocked, id=15359, stack(0x00007f7ae0f72000,0x00007f7ae1073000)]
  0x00007f7aec138800 JavaThread "Finalizer" daemon [_thread_blocked, id=15358, stack(0x00007f7ae18f9000,0x00007f7ae19fa000)]
  0x00007f7aec134800 JavaThread "Reference Handler" daemon [_thread_blocked, id=15357, stack(0x00007f7ae19fa000,0x00007f7ae1afb000)]
  0x00007f7aec00b800 JavaThread "main" [_thread_blocked, id=15351, stack(0x00007f7af3739000,0x00007f7af383a000)]

Other Threads:
  0x00007f7aec132000 VMThread [stack: 0x00007f7ae1afb000,0x00007f7ae1bfc000] [id=15356]
  0x00007f7aec1c6000 WatcherThread [stack: 0x00007f7ae0b6e000,0x00007f7ae0c6f000] [id=15363]

VM state:not at safepoint (normal execution)

VM Mutex/Monitor currently owned by a thread: None

Heap
 PSYoungGen      total 247808K, used 136735K [0x00000000f0000000, 0x0000000100000000, 0x0000000100000000)
  eden space 232960K, 57% used [0x00000000f0000000,0x00000000f8233f60,0x00000000fe380000)
  from space 14848K, 22% used [0x00000000ff180000,0x00000000ff4d4080,0x0000000100000000)
  to   space 14336K, 0% used [0x00000000fe380000,0x00000000fe380000,0x00000000ff180000)
 ParOldGen       total 524288K, used 186846K [0x00000000d0000000, 0x00000000f0000000, 0x00000000f0000000)
  object space 524288K, 35% used [0x00000000d0000000,0x00000000db677810,0x00000000f0000000)
 PSPermGen       total 262144K, used 92652K [0x00000000c0000000, 0x00000000d0000000, 0x00000000d0000000)
  object space 262144K, 35% used [0x00000000c0000000,0x00000000c5a7b0d8,0x00000000d0000000)

Card table byte_map: [0x00007f7af0631000,0x00007f7af0832000] byte_map_base: 0x00007f7af0031000

Polling page: 0x00007f7af385f000

Code Cache  [0x00007f7ae9000000, 0x00007f7ae9780000, 0x00007f7aec000000)
 total_blobs=2307 nmethods=1598 adapters=660 free_code_cache=41996Kb largest_free_block=42505984

Compilation events (10 events):
Event: 72.226 Thread 0x00007f7aec1b9000 1842             sun.reflect.Reflection::isSubclassOf (21 bytes)
Event: 72.229 Thread 0x00007f7aec1b9000 nmethod 1842 0x00007f7ae968d910 code [0x00007f7ae968da40, 0x00007f7ae968daf8]
Event: 72.392 Thread 0x00007f7aec1b1000 1843             java.lang.ClassLoader::loadClass (7 bytes)
Event: 72.393 Thread 0x00007f7aec1b1000 nmethod 1843 0x00007f7ae968d6d0 code [0x00007f7ae968d820, 0x00007f7ae968d898]
Event: 72.692 Thread 0x00007f7aec1b9000 1844             java.util.concurrent.ConcurrentHashMap$HashIterator::hasNext (13 bytes)
Event: 72.693 Thread 0x00007f7aec1b9000 nmethod 1844 0x00007f7ae968d410 code [0x00007f7ae968d540, 0x00007f7ae968d598]
Event: 72.752 Thread 0x00007f7aec1b1000 1845             org.codehaus.groovy.runtime.metaclass.MetaMethodIndex::addMethodToList (290 bytes)
Event: 72.787 Thread 0x00007f7aec1b1000 nmethod 1845 0x00007f7ae9082b10 code [0x00007f7ae9082dc0, 0x00007f7ae9083c78]
Event: 72.975 Thread 0x00007f7aec1b9000 1847             org.springsource.loaded.Utils::toClass (124 bytes)
Event: 72.977 Thread 0x00007f7aec1b1000 1848             sl.org.objectweb.asm.Type::getClassName (156 bytes)

GC Heap History (10 events):
Event: 69.002 GC heap before
{Heap before GC invocations=36 (full 0):
 PSYoungGen      total 243200K, used 222911K [0x00000000f0000000, 0x0000000100000000, 0x0000000100000000)
  eden space 224768K, 97% used [0x00000000f0000000,0x00000000fd58a938,0x00000000fdb80000)
  from space 18432K, 23% used [0x00000000fdb80000,0x00000000fdfa5578,0x00000000fed80000)
  to   space 17408K, 0% used [0x00000000fef00000,0x00000000fef00000,0x0000000100000000)
 ParOldGen       total 524288K, used 168426K [0x00000000d0000000, 0x00000000f0000000, 0x00000000f0000000)
  object space 524288K, 32% used [0x00000000d0000000,0x00000000da47a928,0x00000000f0000000)
 PSPermGen       total 262144K, used 87016K [0x00000000c0000000, 0x00000000d0000000, 0x00000000d0000000)
  object space 262144K, 33% used [0x00000000c0000000,0x00000000c54fa198,0x00000000d0000000)
Event: 69.043 GC heap after
Heap after GC invocations=36 (full 0):
 PSYoungGen      total 245248K, used 5522K [0x00000000f0000000, 0x0000000100000000, 0x0000000100000000)
  eden space 227840K, 0% used [0x00000000f0000000,0x00000000f0000000,0x00000000fde80000)
  from space 17408K, 31% used [0x00000000fef00000,0x00000000ff464a60,0x0000000100000000)
  to   space 16896K, 0% used [0x00000000fde80000,0x00000000fde80000,0x00000000fef00000)
 ParOldGen       total 524288K, used 172351K [0x00000000d0000000, 0x00000000f0000000, 0x00000000f0000000)
  object space 524288K, 32% used [0x00000000d0000000,0x00000000da84fcc8,0x00000000f0000000)
 PSPermGen       total 262144K, used 87016K [0x00000000c0000000, 0x00000000d0000000, 0x00000000d0000000)
  object space 262144K, 33% used [0x00000000c0000000,0x00000000c54fa198,0x00000000d0000000)
}
Event: 71.086 GC heap before
{Heap before GC invocations=37 (full 0):
 PSYoungGen      total 245248K, used 225621K [0x00000000f0000000, 0x0000000100000000, 0x0000000100000000)
  eden space 227840K, 96% used [0x00000000f0000000,0x00000000fd6f0c70,0x00000000fde80000)
  from space 17408K, 31% used [0x00000000fef00000,0x00000000ff464a60,0x0000000100000000)
  to   space 16896K, 0% used [0x00000000fde80000,0x00000000fde80000,0x00000000fef00000)
 ParOldGen       total 524288K, used 172351K [0x00000000d0000000, 0x00000000f0000000, 0x00000000f0000000)
  object space 524288K, 32% used [0x00000000d0000000,0x00000000da84fcc8,0x00000000f0000000)
 PSPermGen       total 262144K, used 88408K [0x00000000c0000000, 0x00000000d0000000, 0x00000000d0000000)
  object space 262144K, 33% used [0x00000000c0000000,0x00000000c56563f0,0x00000000d0000000)
Event: 71.128 GC heap after
Heap after GC invocations=37 (full 0):
 PSYoungGen      total 244736K, used 6865K [0x00000000f0000000, 0x0000000100000000, 0x0000000100000000)
  eden space 227840K, 0% used [0x00000000f0000000,0x00000000f0000000,0x00000000fde80000)
  from space 16896K, 40% used [0x00000000fde80000,0x00000000fe5347c8,0x00000000fef00000)
  to   space 15872K, 0% used [0x00000000ff080000,0x00000000ff080000,0x0000000100000000)
 ParOldGen       total 524288K, used 176430K [0x00000000d0000000, 0x00000000f0000000, 0x00000000f0000000)
  object space 524288K, 33% used [0x00000000d0000000,0x00000000dac4ba78,0x00000000f0000000)
 PSPermGen       total 262144K, used 88408K [0x00000000c0000000, 0x00000000d0000000, 0x00000000d0000000)
  object space 262144K, 33% used [0x00000000c0000000,0x00000000c56563f0,0x00000000d0000000)
}
Event: 71.778 GC heap before
{Heap before GC invocations=38 (full 0):
 PSYoungGen      total 244736K, used 231074K [0x00000000f0000000, 0x0000000100000000, 0x0000000100000000)
  eden space 227840K, 98% used [0x00000000f0000000,0x00000000fdaf4350,0x00000000fde80000)
  from space 16896K, 40% used [0x00000000fde80000,0x00000000fe5347c8,0x00000000fef00000)
  to   space 15872K, 0% used [0x00000000ff080000,0x00000000ff080000,0x0000000100000000)
 ParOldGen       total 524288K, used 176430K [0x00000000d0000000, 0x00000000f0000000, 0x00000000f0000000)
  object space 524288K, 33% used [0x00000000d0000000,0x00000000dac4ba78,0x00000000f0000000)
 PSPermGen       total 262144K, used 89878K [0x00000000c0000000, 0x00000000d0000000, 0x00000000d0000000)
  object space 262144K, 34% used [0x00000000c0000000,0x00000000c57c5bf8,0x00000000d0000000)
Event: 71.811 GC heap after
Heap after GC invocations=38 (full 0):
 PSYoungGen      total 246784K, used 4669K [0x00000000f0000000, 0x0000000100000000, 0x0000000100000000)
  eden space 230912K, 0% used [0x00000000f0000000,0x00000000f0000000,0x00000000fe180000)
  from space 15872K, 29% used [0x00000000ff080000,0x00000000ff50f508,0x0000000100000000)
  to   space 15360K, 0% used [0x00000000fe180000,0x00000000fe180000,0x00000000ff080000)
 ParOldGen       total 524288K, used 182458K [0x00000000d0000000, 0x00000000f0000000, 0x00000000f0000000)
  object space 524288K, 34% used [0x00000000d0000000,0x00000000db22ebf8,0x00000000f0000000)
 PSPermGen       total 262144K, used 89878K [0x00000000c0000000, 0x00000000d0000000, 0x00000000d0000000)
  object space 262144K, 34% used [0x00000000c0000000,0x00000000c57c5bf8,0x00000000d0000000)
}
Event: 72.264 GC heap before
{Heap before GC invocations=39 (full 0):
 PSYoungGen      total 246784K, used 227060K [0x00000000f0000000, 0x0000000100000000, 0x0000000100000000)
  eden space 230912K, 96% used [0x00000000f0000000,0x00000000fd92dcd8,0x00000000fe180000)
  from space 15872K, 29% used [0x00000000ff080000,0x00000000ff50f508,0x0000000100000000)
  to   space 15360K, 0% used [0x00000000fe180000,0x00000000fe180000,0x00000000ff080000)
 ParOldGen       total 524288K, used 182458K [0x00000000d0000000, 0x00000000f0000000, 0x00000000f0000000)
  object space 524288K, 34% used [0x00000000d0000000,0x00000000db22ebf8,0x00000000f0000000)
 PSPermGen       total 262144K, used 91246K [0x00000000c0000000, 0x00000000d0000000, 0x00000000d0000000)
  object space 262144K, 34% used [0x00000000c0000000,0x00000000c591bb60,0x00000000d0000000)
Event: 72.279 GC heap after
Heap after GC invocations=39 (full 0):
 PSYoungGen      total 246272K, used 2411K [0x00000000f0000000, 0x0000000100000000, 0x0000000100000000)
  eden space 230912K, 0% used [0x00000000f0000000,0x00000000f0000000,0x00000000fe180000)
  from space 15360K, 15% used [0x00000000fe180000,0x00000000fe3daee0,0x00000000ff080000)
  to   space 14848K, 0% used [0x00000000ff180000,0x00000000ff180000,0x0000000100000000)
 ParOldGen       total 524288K, used 185693K [0x00000000d0000000, 0x00000000f0000000, 0x00000000f0000000)
  object space 524288K, 35% used [0x00000000d0000000,0x00000000db557450,0x00000000f0000000)
 PSPermGen       total 262144K, used 91246K [0x00000000c0000000, 0x00000000d0000000, 0x00000000d0000000)
  object space 262144K, 34% used [0x00000000c0000000,0x00000000c591bb60,0x00000000d0000000)
}
Event: 72.597 GC heap before
{Heap before GC invocations=40 (full 0):
 PSYoungGen      total 246272K, used 233323K [0x00000000f0000000, 0x0000000100000000, 0x0000000100000000)
  eden space 230912K, 100% used [0x00000000f0000000,0x00000000fe180000,0x00000000fe180000)
  from space 15360K, 15% used [0x00000000fe180000,0x00000000fe3daee0,0x00000000ff080000)
  to   space 14848K, 0% used [0x00000000ff180000,0x00000000ff180000,0x0000000100000000)
 ParOldGen       total 524288K, used 185693K [0x00000000d0000000, 0x00000000f0000000, 0x00000000f0000000)
  object space 524288K, 35% used [0x00000000d0000000,0x00000000db557450,0x00000000f0000000)
 PSPermGen       total 262144K, used 91948K [0x00000000c0000000, 0x00000000d0000000, 0x00000000d0000000)
  object space 262144K, 35% used [0x00000000c0000000,0x00000000c59cb100,0x00000000d0000000)
Event: 72.612 GC heap after
Heap after GC invocations=40 (full 0):
 PSYoungGen      total 247808K, used 3408K [0x00000000f0000000, 0x0000000100000000, 0x0000000100000000)
  eden space 232960K, 0% used [0x00000000f0000000,0x00000000f0000000,0x00000000fe380000)
  from space 14848K, 22% used [0x00000000ff180000,0x00000000ff4d4080,0x0000000100000000)
  to   space 14336K, 0% used [0x00000000fe380000,0x00000000fe380000,0x00000000ff180000)
 ParOldGen       total 524288K, used 186846K [0x00000000d0000000, 0x00000000f0000000, 0x00000000f0000000)
  object space 524288K, 35% used [0x00000000d0000000,0x00000000db677810,0x00000000f0000000)
 PSPermGen       total 262144K, used 91948K [0x00000000c0000000, 0x00000000d0000000, 0x00000000d0000000)
  object space 262144K, 35% used [0x00000000c0000000,0x00000000c59cb100,0x00000000d0000000)
}

Deoptimization events (10 events):
Event: 70.395 Thread 0x00007f7a84007800 Uncommon trap: reason=bimorphic action=maybe_recompile pc=0x00007f7ae95d5968 method=org.springsource.loaded.ri.GetMethodsLookup.collectAll(Lorg/springsource/loaded/ri/MethodProvider;Ljava/util/Map;)V @ 84
Event: 70.411 Thread 0x00007f7a84007800 Uncommon trap: reason=bimorphic action=maybe_recompile pc=0x00007f7ae95d5968 method=org.springsource.loaded.ri.GetMethodsLookup.collectAll(Lorg/springsource/loaded/ri/MethodProvider;Ljava/util/Map;)V @ 84
Event: 72.362 Thread 0x00007f7a84007800 Uncommon trap: reason=unreached action=reinterpret pc=0x00007f7ae91cd44c method=java.util.regex.Pattern.sequence(Ljava/util/regex/Pattern$Node;)Ljava/util/regex/Pattern$Node; @ 536
Event: 72.465 Thread 0x00007f7a84007800 Uncommon trap: reason=unreached action=reinterpret pc=0x00007f7ae9532e8c method=org.codehaus.groovy.runtime.metaclass.MetaMethodIndex.isNonRealMethod(Lgroovy/lang/MetaMethod;)Z @ 11
Event: 72.967 Thread 0x00007f7a84007800 Uncommon trap: reason=unreached action=reinterpret pc=0x00007f7ae95e86c8 method=org.springsource.loaded.ri.ReflectiveInterceptor.isDeleted(Lorg/springsource/loaded/ReloadableType;Ljava/lang/reflect/Method;)Z @ 8
Event: 72.967 Thread 0x00007f7a84007800 Uncommon trap: reason=class_check action=maybe_recompile pc=0x00007f7ae941b30c method=org.springsource.loaded.ri.DynamicLookup.lookup(Lorg/springsource/loaded/ri/MethodProvider;)Lorg/springsource/loaded/ri/Invoker; @ 21
Event: 72.967 Thread 0x00007f7a84007800 Uncommon trap: reason=class_check action=maybe_recompile pc=0x00007f7ae94188bc method=org.springsource.loaded.ri.DynamicLookup.matches(Lorg/springsource/loaded/ri/Invoker;)Z @ 1
Event: 72.967 Thread 0x00007f7a84007800 Uncommon trap: reason=class_check action=maybe_recompile pc=0x00007f7ae94188bc method=org.springsource.loaded.ri.DynamicLookup.matches(Lorg/springsource/loaded/ri/Invoker;)Z @ 1
Event: 72.973 Thread 0x00007f7a84007800 Uncommon trap: reason=bimorphic action=maybe_recompile pc=0x00007f7ae9248f7c method=org.springsource.loaded.ri.GetDeclaredMethodLookup.matches(Lorg/springsource/loaded/ri/Invoker;)Z @ 5
Event: 72.986 Thread 0x00007f7a84007800 Uncommon trap: reason=unreached action=reinterpret pc=0x00007f7ae91cc468 method=org.springsource.loaded.ri.ReflectiveInterceptor.isDeleted(Lorg/springsource/loaded/ReloadableType;Ljava/lang/reflect/Method;)Z @ 8

Internal exceptions (10 events):
Event: 72.952 Thread 0x00007f7a84007800 Threw 0x00000000f7f87290 at /HUDSON/workspace/7u-2-build-linux-amd64/jdk7u45/229/hotspot/src/share/vm/prims/jvm.cpp:1244
Event: 72.952 Thread 0x00007f7a84007800 Threw 0x00000000f7f97d00 at /HUDSON/workspace/7u-2-build-linux-amd64/jdk7u45/229/hotspot/src/share/vm/prims/jvm.cpp:1244
Event: 72.952 Thread 0x00007f7a84007800 Threw 0x00000000f7f98640 at /HUDSON/workspace/7u-2-build-linux-amd64/jdk7u45/229/hotspot/src/share/vm/prims/jvm.cpp:1244
Event: 72.952 Thread 0x00007f7a84007800 Threw 0x00000000f7f993a8 at /HUDSON/workspace/7u-2-build-linux-amd64/jdk7u45/229/hotspot/src/share/vm/prims/jvm.cpp:1244
Event: 72.952 Thread 0x00007f7a84007800 Threw 0x00000000f7f9e530 at /HUDSON/workspace/7u-2-build-linux-amd64/jdk7u45/229/hotspot/src/share/vm/prims/jvm.cpp:1244
Event: 72.952 Thread 0x00007f7a84007800 Threw 0x00000000f7fa33a8 at /HUDSON/workspace/7u-2-build-linux-amd64/jdk7u45/229/hotspot/src/share/vm/prims/jvm.cpp:1244
Event: 72.952 Thread 0x00007f7a84007800 Threw 0x00000000f7fa3da8 at /HUDSON/workspace/7u-2-build-linux-amd64/jdk7u45/229/hotspot/src/share/vm/classfile/systemDictionary.cpp:185
Event: 72.959 Thread 0x00007f7a84007800 Threw 0x00000000f801b230 at /HUDSON/workspace/7u-2-build-linux-amd64/jdk7u45/229/hotspot/src/share/vm/prims/jvm.cpp:1244
Event: 72.959 Thread 0x00007f7a84007800 Threw 0x00000000f801b9b8 at /HUDSON/workspace/7u-2-build-linux-amd64/jdk7u45/229/hotspot/src/share/vm/prims/jvm.cpp:1244
Event: 72.959 Thread 0x00007f7a84007800 Threw 0x00000000f801c5d8 at /HUDSON/workspace/7u-2-build-linux-amd64/jdk7u45/229/hotspot/src/share/vm/prims/jvm.cpp:1244

Events (10 events):
Event: 72.967 Thread 0x00007f7a84007800 DEOPT UNPACKING pc=0x00007f7ae9039445 sp=0x00007f7aa92eda68 mode 2
Event: 72.967 Thread 0x00007f7a84007800 Uncommon trap: trap_request=0xffffffde fr.pc=0x00007f7ae94188bc
Event: 72.967 Thread 0x00007f7a84007800 DEOPT PACKING pc=0x00007f7ae94188bc sp=0x00007f7aa92edaa0
Event: 72.967 Thread 0x00007f7a84007800 DEOPT UNPACKING pc=0x00007f7ae9039445 sp=0x00007f7aa92eda68 mode 2
Event: 72.972 Thread 0x00007f7a84007800 Uncommon trap: trap_request=0xffffffc6 fr.pc=0x00007f7ae9248f7c
Event: 72.973 Thread 0x00007f7a84007800 DEOPT PACKING pc=0x00007f7ae9248f7c sp=0x00007f7aa92ec750
Event: 72.973 Thread 0x00007f7a84007800 DEOPT UNPACKING pc=0x00007f7ae9039445 sp=0x00007f7aa92ec6d0 mode 2
Event: 72.986 Thread 0x00007f7a84007800 Uncommon trap: trap_request=0xffffffad fr.pc=0x00007f7ae91cc468
Event: 72.986 Thread 0x00007f7a84007800 DEOPT PACKING pc=0x00007f7ae91cc468 sp=0x00007f7aa92ec990
Event: 72.986 Thread 0x00007f7a84007800 DEOPT UNPACKING pc=0x00007f7ae9039445 sp=0x00007f7aa92ec8f0 mode 2


Dynamic libraries:
00400000-00401000 r-xp 00000000 08:05 7996956                            /home/wufei/dev/java/jdk1.7.0_45/bin/java
00600000-00601000 rw-p 00000000 08:05 7996956                            /home/wufei/dev/java/jdk1.7.0_45/bin/java
00caf000-01078000 rw-p 00000000 00:00 0                                  [heap]
c0000000-100000000 rw-p 00000000 00:00 0 
7f7a64000000-7f7a64021000 rw-p 00000000 00:00 0 
7f7a64021000-7f7a68000000 ---p 00000000 00:00 0 
7f7a6c000000-7f7a6d05a000 rw-p 00000000 00:00 0 
7f7a6d05a000-7f7a70000000 ---p 00000000 00:00 0 
7f7a70000000-7f7a70021000 rw-p 00000000 00:00 0 
7f7a70021000-7f7a74000000 ---p 00000000 00:00 0 
7f7a74000000-7f7a74021000 rw-p 00000000 00:00 0 
7f7a74021000-7f7a78000000 ---p 00000000 00:00 0 
7f7a78000000-7f7a78021000 rw-p 00000000 00:00 0 
7f7a78021000-7f7a7c000000 ---p 00000000 00:00 0 
7f7a7c000000-7f7a7c021000 rw-p 00000000 00:00 0 
7f7a7c021000-7f7a80000000 ---p 00000000 00:00 0 
7f7a80000000-7f7a80021000 rw-p 00000000 00:00 0 
7f7a80021000-7f7a84000000 ---p 00000000 00:00 0 
7f7a84000000-7f7a84021000 rw-p 00000000 00:00 0 
7f7a84021000-7f7a88000000 ---p 00000000 00:00 0 
7f7a88000000-7f7a88021000 rw-p 00000000 00:00 0 
7f7a88021000-7f7a8c000000 ---p 00000000 00:00 0 
7f7a8c000000-7f7a8c02e000 rw-p 00000000 00:00 0 
7f7a8c02e000-7f7a90000000 ---p 00000000 00:00 0 
7f7a90000000-7f7a9002d000 rw-p 00000000 00:00 0 
7f7a9002d000-7f7a94000000 ---p 00000000 00:00 0 
7f7a94000000-7f7a94026000 rw-p 00000000 00:00 0 
7f7a94026000-7f7a98000000 ---p 00000000 00:00 0 
7f7a98000000-7f7a9803e000 rw-p 00000000 00:00 0 
7f7a9803e000-7f7a9c000000 ---p 00000000 00:00 0 
7f7a9c000000-7f7a9c021000 rw-p 00000000 00:00 0 
7f7a9c021000-7f7aa0000000 ---p 00000000 00:00 0 
7f7aa0000000-7f7aa0037000 rw-p 00000000 00:00 0 
7f7aa0037000-7f7aa4000000 ---p 00000000 00:00 0 
7f7aa4000000-7f7aa4042000 rw-p 00000000 00:00 0 
7f7aa4042000-7f7aa8000000 ---p 00000000 00:00 0 
7f7aa819a000-7f7aa819d000 ---p 00000000 00:00 0 
7f7aa819d000-7f7aa829b000 rw-p 00000000 00:00 0 
7f7aa829b000-7f7aa82cd000 r-xp 00000000 08:05 7997730                    /home/wufei/dev/java/jdk1.7.0_45/jre/lib/amd64/libsunec.so
7f7aa82cd000-7f7aa84cc000 ---p 00032000 08:05 7997730                    /home/wufei/dev/java/jdk1.7.0_45/jre/lib/amd64/libsunec.so
7f7aa84cc000-7f7aa84d2000 rw-p 00031000 08:05 7997730                    /home/wufei/dev/java/jdk1.7.0_45/jre/lib/amd64/libsunec.so
7f7aa84d2000-7f7aa84e2000 rw-p 00000000 00:00 0 
7f7aa84e2000-7f7aa84e5000 ---p 00000000 00:00 0 
7f7aa84e5000-7f7aa85e3000 rw-p 00000000 00:00 0                          [stack:15407]
7f7aa85e3000-7f7aa85e6000 ---p 00000000 00:00 0 
7f7aa85e6000-7f7aa86e4000 rw-p 00000000 00:00 0                          [stack:15406]
7f7aa86e4000-7f7aa86e7000 ---p 00000000 00:00 0 
7f7aa86e7000-7f7aa87e5000 rw-p 00000000 00:00 0                          [stack:15405]
7f7aa87e5000-7f7aa87e8000 ---p 00000000 00:00 0 
7f7aa87e8000-7f7aa88e6000 rw-p 00000000 00:00 0                          [stack:15404]
7f7aa88e6000-7f7aa88e9000 ---p 00000000 00:00 0 
7f7aa88e9000-7f7aa89e7000 rw-p 00000000 00:00 0                          [stack:15403]
7f7aa89e7000-7f7aa89ea000 ---p 00000000 00:00 0 
7f7aa89ea000-7f7aa8ae8000 rw-p 00000000 00:00 0                          [stack:15402]
7f7aa8ae8000-7f7aa8aeb000 ---p 00000000 00:00 0 
7f7aa8aeb000-7f7aa8be9000 rw-p 00000000 00:00 0                          [stack:15401]
7f7aa8be9000-7f7aa8bec000 ---p 00000000 00:00 0 
7f7aa8bec000-7f7aa8cea000 rw-p 00000000 00:00 0                          [stack:15400]
7f7aa8cea000-7f7aa8ced000 ---p 00000000 00:00 0 
7f7aa8ced000-7f7aa8deb000 rw-p 00000000 00:00 0                          [stack:15399]
7f7aa8deb000-7f7aa8dee000 ---p 00000000 00:00 0 
7f7aa8dee000-7f7aa8eec000 rw-p 00000000 00:00 0                          [stack:15398]
7f7aa8eec000-7f7aa8eef000 ---p 00000000 00:00 0 
7f7aa8eef000-7f7aa8fed000 rw-p 00000000 00:00 0                          [stack:15397]
7f7aa8fed000-7f7aa8ff0000 ---p 00000000 00:00 0 
7f7aa8ff0000-7f7aa90ee000 rw-p 00000000 00:00 0                          [stack:15396]
7f7aa90ee000-7f7aa90f1000 ---p 00000000 00:00 0 
7f7aa90f1000-7f7aa91ef000 rw-p 00000000 00:00 0                          [stack:15395]
7f7aa91ef000-7f7aa91f2000 ---p 00000000 00:00 0 
7f7aa91f2000-7f7aa92f0000 rw-p 00000000 00:00 0                          [stack:15393]
7f7aa92f0000-7f7aa92f8000 r-xp 00000000 08:05 7997723                    /home/wufei/dev/java/jdk1.7.0_45/jre/lib/amd64/libmanagement.so
7f7aa92f8000-7f7aa94f7000 ---p 00008000 08:05 7997723                    /home/wufei/dev/java/jdk1.7.0_45/jre/lib/amd64/libmanagement.so
7f7aa94f7000-7f7aa94f8000 rw-p 00007000 08:05 7997723                    /home/wufei/dev/java/jdk1.7.0_45/jre/lib/amd64/libmanagement.so
7f7aa94f8000-7f7aa94fb000 ---p 00000000 00:00 0 
7f7aa94fb000-7f7aa95f9000 rw-p 00000000 00:00 0                          [stack:15385]
7f7aa95f9000-7f7aa95fc000 ---p 00000000 00:00 0 
7f7aa95fc000-7f7aa96fa000 rw-p 00000000 00:00 0                          [stack:15384]
7f7aa96fa000-7f7aa96fd000 ---p 00000000 00:00 0 
7f7aa96fd000-7f7aa97fb000 rw-p 00000000 00:00 0                          [stack:15383]
7f7aa97fb000-7f7aa97fe000 ---p 00000000 00:00 0 
7f7aa97fe000-7f7aa98fc000 rw-p 00000000 00:00 0                          [stack:15382]
7f7aa98fc000-7f7aa98ff000 ---p 00000000 00:00 0 
7f7aa98ff000-7f7aa99fd000 rw-p 00000000 00:00 0                          [stack:15381]
7f7aa99fd000-7f7aa9a00000 ---p 00000000 00:00 0 
7f7aa9a00000-7f7aa9afe000 rw-p 00000000 00:00 0                          [stack:15392]
7f7aa9afe000-7f7aa9b01000 ---p 00000000 00:00 0 
7f7aa9b01000-7f7aa9bff000 rw-p 00000000 00:00 0                          [stack:15379]
7f7aa9bff000-7f7aa9c02000 ---p 00000000 00:00 0 
7f7aa9c02000-7f7aa9d00000 rw-p 00000000 00:00 0                          [stack:15378]
7f7aa9d00000-7f7aa9d03000 ---p 00000000 00:00 0 
7f7aa9d03000-7f7aa9e01000 rw-p 00000000 00:00 0                          [stack:15377]
7f7aa9e01000-7f7aa9e04000 ---p 00000000 00:00 0 
7f7aa9e04000-7f7aa9f02000 rw-p 00000000 00:00 0                          [stack:15376]
7f7aa9f02000-7f7aa9f05000 ---p 00000000 00:00 0 
7f7aa9f05000-7f7aaa003000 rw-p 00000000 00:00 0                          [stack:15375]
7f7aaa003000-7f7aaa006000 ---p 00000000 00:00 0 
7f7aaa006000-7f7aaa104000 rw-p 00000000 00:00 0                          [stack:15374]
7f7aaa104000-7f7aaa118000 r-xp 00000000 08:05 20975237                   /lib/x86_64-linux-gnu/libgcc_s.so.1
7f7aaa118000-7f7aaa318000 ---p 00014000 08:05 20975237                   /lib/x86_64-linux-gnu/libgcc_s.so.1
7f7aaa318000-7f7aaa319000 r--p 00014000 08:05 20975237                   /lib/x86_64-linux-gnu/libgcc_s.so.1
7f7aaa319000-7f7aaa31a000 rw-p 00015000 08:05 20975237                   /lib/x86_64-linux-gnu/libgcc_s.so.1
7f7aaa338000-7f7aaa33c000 r--s 0002d000 08:05 7997679                    /home/wufei/dev/java/jdk1.7.0_45/jre/lib/ext/sunjce_provider.jar
7f7aaa33c000-7f7aaa39c000 r-xp 00000000 08:05 7997764                    /home/wufei/dev/java/jdk1.7.0_45/jre/lib/amd64/libfontmanager.so
7f7aaa39c000-7f7aaa59b000 ---p 00060000 08:05 7997764                    /home/wufei/dev/java/jdk1.7.0_45/jre/lib/amd64/libfontmanager.so
7f7aaa59b000-7f7aaa59f000 rw-p 0005f000 08:05 7997764                    /home/wufei/dev/java/jdk1.7.0_45/jre/lib/amd64/libfontmanager.so
7f7aaa59f000-7f7aaa5b0000 rw-p 00000000 00:00 0 
7f7aaa5b0000-7f7aaa5b5000 r-xp 00000000 08:05 20585542                   /usr/lib/x86_64-linux-gnu/libXdmcp.so.6.0.0
7f7aaa5b5000-7f7aaa7b4000 ---p 00005000 08:05 20585542                   /usr/lib/x86_64-linux-gnu/libXdmcp.so.6.0.0
7f7aaa7b4000-7f7aaa7b5000 r--p 00004000 08:05 20585542                   /usr/lib/x86_64-linux-gnu/libXdmcp.so.6.0.0
7f7aaa7b5000-7f7aaa7b6000 rw-p 00005000 08:05 20585542                   /usr/lib/x86_64-linux-gnu/libXdmcp.so.6.0.0
7f7aaa7b6000-7f7aaa7b8000 r-xp 00000000 08:05 20585531                   /usr/lib/x86_64-linux-gnu/libXau.so.6.0.0
7f7aaa7b8000-7f7aaa9b8000 ---p 00002000 08:05 20585531                   /usr/lib/x86_64-linux-gnu/libXau.so.6.0.0
7f7aaa9b8000-7f7aaa9b9000 r--p 00002000 08:05 20585531                   /usr/lib/x86_64-linux-gnu/libXau.so.6.0.0
7f7aaa9b9000-7f7aaa9ba000 rw-p 00003000 08:05 20585531                   /usr/lib/x86_64-linux-gnu/libXau.so.6.0.0
7f7aaa9ba000-7f7aaa9d7000 r-xp 00000000 08:05 20586967                   /usr/lib/x86_64-linux-gnu/libxcb.so.1.1.0
7f7aaa9d7000-7f7aaabd6000 ---p 0001d000 08:05 20586967                   /usr/lib/x86_64-linux-gnu/libxcb.so.1.1.0
7f7aaabd6000-7f7aaabd7000 r--p 0001c000 08:05 20586967                   /usr/lib/x86_64-linux-gnu/libxcb.so.1.1.0
7f7aaabd7000-7f7aaabd8000 rw-p 0001d000 08:05 20586967                   /usr/lib/x86_64-linux-gnu/libxcb.so.1.1.0
7f7aaabd8000-7f7aaabe6000 r-xp 00000000 08:05 20585537                   /usr/lib/x86_64-linux-gnu/libXi.so.6.1.0
7f7aaabe6000-7f7aaade6000 ---p 0000e000 08:05 20585537                   /usr/lib/x86_64-linux-gnu/libXi.so.6.1.0
7f7aaade6000-7f7aaade7000 r--p 0000e000 08:05 20585537                   /usr/lib/x86_64-linux-gnu/libXi.so.6.1.0
7f7aaade7000-7f7aaade8000 rw-p 0000f000 08:05 20585537                   /usr/lib/x86_64-linux-gnu/libXi.so.6.1.0
7f7aaade8000-7f7aaaded000 r-xp 00000000 08:05 20585565                   /usr/lib/x86_64-linux-gnu/libXtst.so.6.1.0
7f7aaaded000-7f7aaafec000 ---p 00005000 08:05 20585565                   /usr/lib/x86_64-linux-gnu/libXtst.so.6.1.0
7f7aaafec000-7f7aaafed000 r--p 00004000 08:05 20585565                   /usr/lib/x86_64-linux-gnu/libXtst.so.6.1.0
7f7aaafed000-7f7aaafee000 rw-p 00005000 08:05 20585565                   /usr/lib/x86_64-linux-gnu/libXtst.so.6.1.0
7f7aaafee000-7f7aaaff7000 r-xp 00000000 08:05 20586498                   /usr/lib/x86_64-linux-gnu/libXrender.so.1.3.0
7f7aaaff7000-7f7aab1f6000 ---p 00009000 08:05 20586498                   /usr/lib/x86_64-linux-gnu/libXrender.so.1.3.0
7f7aab1f6000-7f7aab1f7000 r--p 00008000 08:05 20586498                   /usr/lib/x86_64-linux-gnu/libXrender.so.1.3.0
7f7aab1f7000-7f7aab1f8000 rw-p 00009000 08:05 20586498                   /usr/lib/x86_64-linux-gnu/libXrender.so.1.3.0
7f7aab1f8000-7f7aab32c000 r-xp 00000000 08:05 20586500                   /usr/lib/x86_64-linux-gnu/libX11.so.6.3.0
7f7aab32c000-7f7aab52c000 ---p 00134000 08:05 20586500                   /usr/lib/x86_64-linux-gnu/libX11.so.6.3.0
7f7aab52c000-7f7aab52d000 r--p 00134000 08:05 20586500                   /usr/lib/x86_64-linux-gnu/libX11.so.6.3.0
7f7aab52d000-7f7aab532000 rw-p 00135000 08:05 20586500                   /usr/lib/x86_64-linux-gnu/libX11.so.6.3.0
7f7aab532000-7f7aab543000 r-xp 00000000 08:05 20585526                   /usr/lib/x86_64-linux-gnu/libXext.so.6.4.0
7f7aab543000-7f7aab742000 ---p 00011000 08:05 20585526                   /usr/lib/x86_64-linux-gnu/libXext.so.6.4.0
7f7aab742000-7f7aab743000 r--p 00010000 08:05 20585526                   /usr/lib/x86_64-linux-gnu/libXext.so.6.4.0
7f7aab743000-7f7aab744000 rw-p 00011000 08:05 20585526                   /usr/lib/x86_64-linux-gnu/libXext.so.6.4.0
7f7aab747000-7f7aab74a000 r--s 00037000 08:05 7997682                    /home/wufei/dev/java/jdk1.7.0_45/jre/lib/ext/sunpkcs11.jar
7f7aab74a000-7f7aab751000 r--s 00000000 08:05 21106694                   /usr/lib/x86_64-linux-gnu/gconv/gconv-modules.cache
7f7aab751000-7f7aab766000 r--p 00000000 08:05 22419352                   /usr/share/locale-langpack/zh_CN/LC_MESSAGES/libc.mo
7f7aab766000-7f7aab7b6000 r-xp 00000000 08:05 7997773                    /home/wufei/dev/java/jdk1.7.0_45/jre/lib/amd64/xawt/libmawt.so
7f7aab7b6000-7f7aab9b6000 ---p 00050000 08:05 7997773                    /home/wufei/dev/java/jdk1.7.0_45/jre/lib/amd64/xawt/libmawt.so
7f7aab9b6000-7f7aab9ba000 rw-p 00050000 08:05 7997773                    /home/wufei/dev/java/jdk1.7.0_45/jre/lib/amd64/xawt/libmawt.so
7f7aab9ba000-7f7aab9bb000 rw-p 00000000 00:00 0 
7f7aab9bb000-7f7aaba5d000 r-xp 00000000 08:05 7997729                    /home/wufei/dev/java/jdk1.7.0_45/jre/lib/amd64/libawt.so
7f7aaba5d000-7f7aabc5d000 ---p 000a2000 08:05 7997729                    /home/wufei/dev/java/jdk1.7.0_45/jre/lib/amd64/libawt.so
7f7aabc5d000-7f7aabc69000 rw-p 000a2000 08:05 7997729                    /home/wufei/dev/java/jdk1.7.0_45/jre/lib/amd64/libawt.so
7f7aabc69000-7f7aabc8d000 rw-p 00000000 00:00 0 
7f7aabc8d000-7f7aabc98000 r--s 0037c000 08:05 7997012                    /home/wufei/dev/java/jdk1.7.0_45/jre/lib/charsets.jar
7f7aabc98000-7f7aabc9b000 ---p 00000000 00:00 0 
7f7aabc9b000-7f7aabd99000 rw-p 00000000 00:00 0                          [stack:15373]
7f7aabd99000-7f7aabda8000 r--s 0007c000 08:05 5508129                    /home/wufei/.grails/2.2.1/projects/ship/plugins/joda-time-1.4/lib/joda-time-2.0.jar
7f7aabda8000-7f7aabde5000 r--s 0024e000 08:05 5246991                    /home/wufei/.grails/2.2.1/projects/ship/plugins/excel-import-1.0.0/lib/xmlbeans-2.3.0-without-w3c.jar
7f7aabde5000-7f7aabdef000 r--s 0005f000 08:05 7735017                    /home/wufei/.grails/2.2.1/projects/ship/plugins/jcaptcha-1.2.1/lib/jcaptcha-all-1.0-RC6.jar
7f7aabdef000-7f7aabdff000 r-xp 00000000 08:05 7997770                    /home/wufei/dev/java/jdk1.7.0_45/jre/lib/amd64/libnio.so
7f7aabdff000-7f7aabfff000 ---p 00010000 08:05 7997770                    /home/wufei/dev/java/jdk1.7.0_45/jre/lib/amd64/libnio.so
7f7aabfff000-7f7aac000000 rw-p 00010000 08:05 7997770                    /home/wufei/dev/java/jdk1.7.0_45/jre/lib/amd64/libnio.so
7f7aac000000-7f7aac03a000 rw-p 00000000 00:00 0 
7f7aac03a000-7f7ab0000000 ---p 00000000 00:00 0 
7f7ab0000000-7f7ab0021000 rw-p 00000000 00:00 0 
7f7ab0021000-7f7ab4000000 ---p 00000000 00:00 0 
7f7ab4000000-7f7ab4021000 rw-p 00000000 00:00 0 
7f7ab4021000-7f7ab8000000 ---p 00000000 00:00 0 
7f7ab8000000-7f7ab8021000 rw-p 00000000 00:00 0 
7f7ab8021000-7f7abc000000 ---p 00000000 00:00 0 
7f7abc000000-7f7abfffe000 rw-p 00000000 00:00 0 
7f7abfffe000-7f7ac0000000 ---p 00000000 00:00 0 
7f7ac0000000-7f7ac3d2e000 rw-p 00000000 00:00 0 
7f7ac3d2e000-7f7ac4000000 ---p 00000000 00:00 0 
7f7ac4000000-7f7ac4030000 rw-p 00000000 00:00 0 
7f7ac4030000-7f7ac8000000 ---p 00000000 00:00 0 
7f7ac8000000-7f7ac8021000 rw-p 00000000 00:00 0 
7f7ac8021000-7f7acc000000 ---p 00000000 00:00 0 
7f7acc000000-7f7acc640000 rw-p 00000000 00:00 0 
7f7acc640000-7f7ad0000000 ---p 00000000 00:00 0 
7f7ad0000000-7f7ad0021000 rw-p 00000000 00:00 0 
7f7ad0021000-7f7ad4000000 ---p 00000000 00:00 0 
7f7ad4000000-7f7ad4029000 rw-p 00000000 00:00 0 
7f7ad4029000-7f7ad8000000 ---p 00000000 00:00 0 
7f7ad8000000-7f7ad802d000 rw-p 00000000 00:00 0 
7f7ad802d000-7f7adc000000 ---p 00000000 00:00 0 
7f7adc000000-7f7adc021000 rw-p 00000000 00:00 0 
7f7adc021000-7f7ae0000000 ---p 00000000 00:00 0 
7f7ae0000000-7f7ae0001000 rw-p 00000000 00:00 0 
7f7ae0001000-7f7ae0002000 r--s 00003000 08:05 7997677                    /home/wufei/dev/java/jdk1.7.0_45/jre/lib/ext/sunec.jar
7f7ae0002000-7f7ae0004000 r--s 00019000 08:05 7997576                    /home/wufei/dev/java/jdk1.7.0_45/jre/lib/jce.jar
7f7ae0004000-7f7ae0006000 r--s 0000a000 08:05 12061179                   /home/wufei/.grails/2.2.1/projects/ship/plugins/random-0.2/lib/uncommons-maths-1.2.2.jar
7f7ae0006000-7f7ae000a000 r--s 0002a000 08:05 3408729                    /home/wufei/.grails/ivy-cache/org.grails/grails-test/jars/grails-test-2.2.1.jar
7f7ae000a000-7f7ae0010000 r--s 00061000 08:05 3408727                    /home/wufei/.grails/ivy-cache/org.grails/grails-plugin-testing/jars/grails-plugin-testing-2.2.1.jar
7f7ae0010000-7f7ae0017000 r--s 00037000 08:05 2493721                    /home/wufei/.grails/ivy-cache/junit/junit/jars/junit-4.10.jar
7f7ae0017000-7f7ae0020000 r--s 000a4000 08:05 2493717                    /home/wufei/.grails/ivy-cache/hsqldb/hsqldb/jars/hsqldb-1.8.0.10.jar
7f7ae0020000-7f7ae002b000 r--s 0008a000 08:05 2493715                    /home/wufei/.grails/ivy-cache/c3p0/c3p0/jars/c3p0-0.9.1.1.jar
7f7ae002b000-7f7ae0034000 r--s 00080000 08:05 2493713                    /home/wufei/.grails/ivy-cache/org.quartz-scheduler/quartz/jars/quartz-2.1.5.jar
7f7ae0034000-7f7ae0045000 r--s 000d2000 08:05 2493719                    /home/wufei/.grails/ivy-cache/org.liquibase/liquibase-core/jars/liquibase-core-2.0.5.jar
7f7ae0045000-7f7ae0046000 r--s 00002000 08:05 2493711                    /home/wufei/.grails/ivy-cache/org.hibernate/hibernate-ehcache/jars/hibernate-ehcache-3.6.10.Final.jar
7f7ae0046000-7f7ae004f000 r--s 00098000 08:05 2493707                    /home/wufei/.grails/ivy-cache/org.javassist/javassist/jars/javassist-3.16.1-GA.jar
7f7ae004f000-7f7ae0054000 r--s 00068000 08:05 2493705                    /home/wufei/.grails/ivy-cache/antlr/antlr/jars/antlr-2.7.7.jar
7f7ae0054000-7f7ae0086000 r--s 002c9000 08:05 2360928                    /home/wufei/.grails/ivy-cache/org.hibernate/hibernate-core/jars/hibernate-core-3.6.10.Final.jar
7f7ae0086000-7f7ae0089000 r--s 0000f000 08:05 2360926                    /home/wufei/.grails/ivy-cache/org.hibernate/hibernate-commons-annotations/jars/hibernate-commons-annotations-3.2.0.Final.jar
7f7ae0089000-7f7ae008c000 r--s 00009000 08:05 2360930                    /home/wufei/.grails/ivy-cache/javax.validation/validation-api/jars/validation-api-1.0.0.GA.jar
7f7ae008c000-7f7ae0093000 r--s 00040000 08:05 2360924                    /home/wufei/.grails/ivy-cache/org.hibernate/hibernate-validator/jars/hibernate-validator-4.1.0.Final.jar
7f7ae0093000-7f7ae0095000 r--s 00000000 08:05 3408713                    /home/wufei/.grails/ivy-cache/org.slf4j/jul-to-slf4j/jars/jul-to-slf4j-1.6.2.jar
7f7ae0095000-7f7ae009e000 r--s 0006d000 08:05 2360922                    /home/wufei/.grails/ivy-cache/log4j/log4j/bundles/log4j-1.2.16.jar
7f7ae009e000-7f7ae00b3000 r--s 000e3000 08:05 2360920                    /home/wufei/.grails/ivy-cache/net.sf.ehcache/ehcache-core/jars/ehcache-core-2.4.6.jar
7f7ae00b3000-7f7ae00b5000 r--s 00005000 08:05 2360918                    /home/wufei/.grails/ivy-cache/xpp3/xpp3_min/jars/xpp3_min-1.1.4c.jar
7f7ae00b5000-7f7ae00b7000 r--s 00004000 08:05 2360916                    /home/wufei/.grails/ivy-cache/javax.servlet/jstl/jars/jstl-1.1.2.jar
7f7ae00b7000-7f7ae00c1000 r--s 0012c000 08:05 2360914                    /home/wufei/.grails/ivy-cache/com.h2database/h2/jars/h2-1.3.164.jar
7f7ae00c1000-7f7ae00c4000 r--s 00016000 08:05 2360912                    /home/wufei/.grails/ivy-cache/commons-pool/commons-pool/jars/commons-pool-1.5.6.jar
7f7ae00c4000-7f7ae00c7000 r--s 00025000 08:05 2230029                    /home/wufei/.grails/ivy-cache/commons-dbcp/commons-dbcp/jars/commons-dbcp-1.4.jar
7f7ae00c7000-7f7ae00c9000 r--s 0000e000 08:05 2230027                    /home/wufei/.grails/ivy-cache/oro/oro/jars/oro-2.0.8.jar
7f7ae00c9000-7f7ae00cb000 r--s 0000d000 08:05 2230025                    /home/wufei/.grails/ivy-cache/commons-fileupload/commons-fileupload/jars/commons-fileupload-1.2.2.jar
7f7ae00cb000-7f7ae00cc000 r--s 0000a000 08:05 2230023                    /home/wufei/.grails/ivy-cache/asm/asm/jars/asm-3.1.jar
7f7ae00cc000-7f7ae00d3000 r--s 0003e000 08:05 2230021                    /home/wufei/.grails/ivy-cache/cglib/cglib/jars/cglib-2.2.jar
7f7ae00d3000-7f7ae00d7000 r--s 00019000 08:05 2230019                    /home/wufei/.grails/ivy-cache/org.aspectj/aspectjrt/jars/aspectjrt-1.6.10.jar
7f7ae00d7000-7f7ae00ed000 r--s 00184000 08:05 2230017                    /home/wufei/.grails/ivy-cache/org.aspectj/aspectjweaver/jars/aspectjweaver-1.6.10.jar
7f7ae00ed000-7f7ae00f2000 r--s 00048000 08:05 2493709                    /home/wufei/.grails/ivy-cache/dom4j/dom4j/jars/dom4j-1.6.1.jar
7f7ae00f2000-7f7ae00f4000 r--s 00005000 08:05 4980894                    /home/wufei/.grails/ivy-cache/org.apache.geronimo.specs/geronimo-stax-api_1.0_spec/jars/geronimo-stax-api_1.0_spec-1.0.jar
7f7ae00f4000-7f7ae00f6000 r--s 00005000 08:05 4980896                    /home/wufei/.grails/ivy-cache/stax/stax-api/jars/stax-api-1.0.1.jar
7f7ae00f6000-7f7ae0133000 r--s 0024f000 08:05 4980892                    /home/wufei/.grails/ivy-cache/org.apache.xmlbeans/xmlbeans/jars/xmlbeans-2.3.0.jar
7f7ae0133000-7f7ae01b2000 r--s 0034a000 08:05 4980890                    /home/wufei/.grails/ivy-cache/org.apache.poi/poi-ooxml-schemas/jars/poi-ooxml-schemas-3.7.jar
7f7ae01b2000-7f7ae01b9000 r--s 00073000 08:05 4980874                    /home/wufei/.grails/ivy-cache/org.apache.poi/poi-ooxml/jars/poi-ooxml-3.7.jar
7f7ae01b9000-7f7ae01d6000 r--s 0017c000 08:05 4991234                    /home/wufei/.grails/ivy-cache/org.apache.poi/poi/jars/poi-3.7.jar
7f7ae01d6000-7f7ae01de000 r--s 0007e000 08:05 4459753                    /home/wufei/.grails/ivy-cache/com.sun.mail/javax.mail/jars/javax.mail-1.5.1.jar
7f7ae01de000-7f7ae01e3000 r--s 00034000 08:05 3016016                    /home/wufei/.grails/ivy-cache/org.springframework/spring-test/jars/spring-test-3.1.4.RELEASE.jar
7f7ae01e3000-7f7ae01e5000 r--s 0000e000 08:05 3015496                    /home/wufei/.grails/ivy-cache/javax.activation/activation/jars/activation-1.1.jar
7f7ae01e5000-7f7ae01e8000 r--s 0002c000 08:05 4458095                    /home/wufei/.grails/ivy-cache/javax.mail/javax.mail-api/jars/javax.mail-api-1.5.1.jar
7f7ae01e8000-7f7ae01ee000 r--s 00057000 08:05 3015480                    /home/wufei/.grails/ivy-cache/org.grails/grails-datastore-simple/jars/grails-datastore-simple-1.1.5.RELEASE.jar
7f7ae01ee000-7f7ae01f7000 r--s 00045000 08:05 3015478                    /home/wufei/.grails/ivy-cache/org.grails/grails-datastore-core/jars/grails-datastore-core-1.1.5.RELEASE.jar
7f7ae01f7000-7f7ae01fd000 r--s 0004b000 08:05 3015476                    /home/wufei/.grails/ivy-cache/org.grails/grails-datastore-gorm/jars/grails-datastore-gorm-1.1.5.RELEASE.jar
7f7ae01fd000-7f7ae0209000 r--s 00082000 08:05 3015472                    /home/wufei/.grails/ivy-cache/org.springframework/spring-webmvc/jars/spring-webmvc-3.1.4.RELEASE.jar
7f7ae0209000-7f7ae0216000 r--s 0007b000 08:05 3015470                    /home/wufei/.grails/ivy-cache/org.springframework/spring-web/jars/spring-web-3.1.4.RELEASE.jar
7f7ae0216000-7f7ae021d000 r--s 00035000 08:05 3015468                    /home/wufei/.grails/ivy-cache/org.springframework/spring-tx/jars/spring-tx-3.1.4.RELEASE.jar
7f7ae021d000-7f7ae0225000 r--s 00055000 08:05 3015466                    /home/wufei/.grails/ivy-cache/org.springframework/spring-orm/jars/spring-orm-3.1.4.RELEASE.jar
7f7ae0225000-7f7ae022a000 r--s 0002d000 08:05 3015464                    /home/wufei/.grails/ivy-cache/org.springframework/spring-jms/jars/spring-jms-3.1.4.RELEASE.jar
7f7ae022a000-7f7ae0235000 r--s 00059000 08:05 3015462                    /home/wufei/.grails/ivy-cache/org.springframework/spring-jdbc/jars/spring-jdbc-3.1.4.RELEASE.jar
7f7ae0235000-7f7ae0239000 r--s 00028000 08:05 3015460                    /home/wufei/.grails/ivy-cache/org.springframework/spring-expression/jars/spring-expression-3.1.4.RELEASE.jar
7f7ae0239000-7f7ae023c000 r--s 00018000 08:05 3015458                    /home/wufei/.grails/ivy-cache/org.springframework/spring-context-support/jars/spring-context-support-3.1.4.RELEASE.jar
7f7ae023c000-7f7ae0251000 r--s 000b8000 08:05 3015456                    /home/wufei/.grails/ivy-cache/org.springframework/spring-context/jars/spring-context-3.1.4.RELEASE.jar
7f7ae0251000-7f7ae025d000 r--s 00086000 08:05 3015454                    /home/wufei/.grails/ivy-cache/org.springframework/spring-beans/jars/spring-beans-3.1.4.RELEASE.jar
7f7ae025d000-7f7ae025e000 r--s 0000c000 08:05 3015452                    /home/wufei/.grails/ivy-cache/org.springframework/spring-asm/jars/spring-asm-3.1.4.RELEASE.jar
7f7ae025e000-7f7ae0260000 r--s 0000b000 08:05 3015450                    /home/wufei/.grails/ivy-cache/org.springframework/spring-aspects/jars/spring-aspects-3.1.4.RELEASE.jar
7f7ae0260000-7f7ae0269000 r--s 00049000 08:05 3015448                    /home/wufei/.grails/ivy-cache/org.springframework/spring-aop/jars/spring-aop-3.1.4.RELEASE.jar
7f7ae0269000-7f7ae0274000 r--s 00064000 08:05 3015446                    /home/wufei/.grails/ivy-cache/org.springframework/spring-core/jars/spring-core-3.1.4.RELEASE.jar
7f7ae0274000-7f7ae0276000 r--s 00008000 08:05 3015444                    /home/wufei/.grails/ivy-cache/org.grails/grails-plugin-validation/jars/grails-plugin-validation-2.2.1.jar
7f7ae0276000-7f7ae0279000 r--s 0001b000 08:05 3015442                    /home/wufei/.grails/ivy-cache/org.grails/grails-plugin-url-mappings/jars/grails-plugin-url-mappings-2.2.1.jar
7f7ae0279000-7f7ae027b000 r--s 0000d000 08:05 3015440                    /home/wufei/.grails/ivy-cache/org.grails/grails-plugin-mimetypes/jars/grails-plugin-mimetypes-2.2.1.jar
7f7ae027b000-7f7ae027d000 r--s 00005000 08:05 3015438                    /home/wufei/.grails/ivy-cache/org.grails/grails-plugin-servlets/jars/grails-plugin-servlets-2.2.1.jar
7f7ae027d000-7f7ae027f000 r--s 00008000 08:05 3015436                    /home/wufei/.grails/ivy-cache/org.grails/grails-plugin-services/jars/grails-plugin-services-2.2.1.jar
7f7ae027f000-7f7ae0281000 r--s 00005000 08:05 3015434                    /home/wufei/.grails/ivy-cache/org.grails/grails-plugin-scaffolding/jars/grails-plugin-scaffolding-2.2.1.jar
7f7ae0281000-7f7ae0284000 r--s 0000d000 08:05 3015432                    /home/wufei/.grails/ivy-cache/org.grails/grails-plugin-log4j/jars/grails-plugin-log4j-2.2.1.jar
7f7ae0284000-7f7ae0286000 r--s 00004000 08:05 3015430                    /home/wufei/.grails/ivy-cache/org.grails/grails-plugin-i18n/jars/grails-plugin-i18n-2.2.1.jar
7f7ae0286000-7f7ae028d000 r--s 00062000 08:05 3015428                    /home/wufei/.grails/ivy-cache/org.grails/grails-plugin-gsp/jars/grails-plugin-gsp-2.2.1.jar
7f7ae028d000-7f7ae028f000 r--s 0000c000 08:05 3015426                    /home/wufei/.grails/ivy-cache/org.grails/grails-plugin-filters/jars/grails-plugin-filters-2.2.1.jar
7f7ae028f000-7f7ae0291000 r--s 00009000 08:05 3015424                    /home/wufei/.grails/ivy-cache/org.grails/grails-plugin-datasource/jars/grails-plugin-datasource-2.2.1.jar
7f7ae0291000-7f7ae0295000 r--s 00022000 08:05 3015422                    /home/wufei/.grails/ivy-cache/org.grails/grails-plugin-converters/jars/grails-plugin-converters-2.2.1.jar
7f7ae0295000-7f7ae0298000 r--s 00017000 08:05 3015420                    /home/wufei/.grails/ivy-cache/org.grails/grails-plugin-domain-class/jars/grails-plugin-domain-class-2.2.1.jar
7f7ae0298000-7f7ae029b000 r--s 00025000 08:05 3015418                    /home/wufei/.grails/ivy-cache/org.grails/grails-plugin-controllers/jars/grails-plugin-controllers-2.2.1.jar
7f7ae029b000-7f7ae029d000 r--s 00013000 08:05 3015416                    /home/wufei/.grails/ivy-cache/org.grails/grails-plugin-codecs/jars/grails-plugin-codecs-2.2.1.jar
7f7ae029d000-7f7ae029e000 r--s 00000000 08:05 3015414                    /home/wufei/.grails/ivy-cache/org.grails/grails-logging/jars/grails-logging-2.2.1.jar
7f7ae029e000-7f7ae02ab000 r--s 000b6000 08:05 3015412                    /home/wufei/.grails/ivy-cache/org.grails/grails-web/jars/grails-web-2.2.1.jar
7f7ae02ab000-7f7ae02ac000 r--s 00009000 08:05 3015410                    /home/wufei/.grails/ivy-cache/org.grails/grails-spring/jars/grails-spring-2.2.1.jar
7f7ae02ac000-7f7ae02ae000 r--s 00027000 08:05 3015408                    /home/wufei/.grails/ivy-cache/org.grails/grails-resources/jars/grails-resources-2.2.1.jar
7f7ae02ae000-7f7ae02b9000 r--s 00084000 08:05 3015406                    /home/wufei/.grails/ivy-cache/org.grails/grails-hibernate/jars/grails-hibernate-2.2.1.jar
7f7ae02b9000-7f7ae02ba000 r--s 00009000 08:05 3015404                    /home/wufei/.grails/ivy-cache/org.grails/grails-crud/jars/grails-crud-2.2.1.jar
7f7ae02ba000-7f7ae02ca000 r--s 000c1000 08:05 3015402                    /home/wufei/.grails/ivy-cache/org.grails/grails-core/jars/grails-core-2.2.1.jar
7f7ae02ca000-7f7ae02d0000 r--s 00027000 08:05 3015398                    /home/wufei/.grails/ivy-cache/opensymphony/sitemesh/jars/sitemesh-2.4.jar
7f7ae02d0000-7f7ae02d5000 r--s 00015000 08:05 3015396                    /home/wufei/.grails/ivy-cache/org.hibernate.javax.persistence/hibernate-jpa-2.0-api/jars/hibernate-jpa-2.0-api-1.0.1.Final.jar
7f7ae02d5000-7f7ae02d6000 r--s 00003000 08:05 3015394                    /home/wufei/.grails/ivy-cache/javax.transaction/jta/jars/jta-1.1.jar
7f7ae02d6000-7f7ae02db000 r--s 00041000 08:05 3015392                    /home/wufei/.grails/ivy-cache/commons-lang/commons-lang/jars/commons-lang-2.6.jar
7f7ae02db000-7f7ae02de000 r--s 00025000 08:05 3015390                    /home/wufei/.grails/ivy-cache/commons-io/commons-io/jars/commons-io-2.1.jar
7f7ae02de000-7f7ae02ec000 r--s 0007f000 08:05 3015388                    /home/wufei/.grails/ivy-cache/commons-collections/commons-collections/jars/commons-collections-3.2.1.jar
7f7ae02ec000-7f7ae02ee000 r--s 00010000 08:05 3015386                    /home/wufei/.grails/ivy-cache/commons-codec/commons-codec/jars/commons-codec-1.5.jar
7f7ae02ee000-7f7ae02f1000 r--s 0000b000 08:05 3015384                    /home/wufei/.grails/ivy-cache/com.googlecode.concurrentlinkedhashmap/concurrentlinkedhashmap-lru/jars/concurrentlinkedhashmap-lru-1.3.1.jar
7f7ae02f1000-7f7ae02f3000 r--s 00000000 08:05 3015382                    /home/wufei/.grails/ivy-cache/aopalliance/aopalliance/jars/aopalliance-1.0.jar
7f7ae02f3000-7f7ae02f6000 r--s 0001f000 08:05 3015380                    /home/wufei/.grails/ivy-cache/commons-validator/commons-validator/jars/commons-validator-1.3.1.jar
7f7ae02f6000-7f7ae02f9000 r--s 00019000 08:05 3015378                    /home/wufei/.grails/ivy-cache/commons-el/commons-el/jars/commons-el-1.0.jar
7f7ae02f9000-7f7ae02fe000 r--s 00034000 08:05 3015376                    /home/wufei/.grails/ivy-cache/commons-beanutils/commons-beanutils/jars/commons-beanutils-1.8.3.jar
7f7ae02fe000-7f7ae035e000 r--s 00596000 08:05 3015374                    /home/wufei/.grails/ivy-cache/org.codehaus.groovy/groovy-all/jars/groovy-all-2.0.7.jar
7f7ae035e000-7f7ae0364000 r--s 00040000 08:05 9703017                    /home/wufei/NetBeansProjects/ship/lib/httpcore-nio-4.2.1.jar
7f7ae0364000-7f7ae0375000 r--s 00106000 08:05 9701034                    /home/wufei/NetBeansProjects/ship/lib/jai_imageio-1.1.3.jar
7f7ae0375000-7f7ae0377000 r--s 00005000 08:05 9703030                    /home/wufei/NetBeansProjects/ship/lib/slf4j-api-1.6.0.jar
7f7ae0377000-7f7ae037e000 r--s 0005c000 08:05 9701036                    /home/wufei/NetBeansProjects/ship/lib/jcifs-1.3.17.jar
7f7ae037e000-7f7ae0380000 r--s 00004000 08:05 9703024                    /home/wufei/NetBeansProjects/ship/lib/fluent-hc-4.2.jar
7f7ae0380000-7f7ae0394000 r--s 001bd000 08:05 9701032                    /home/wufei/NetBeansProjects/ship/lib/jai_core-1.1.3.jar
7f7ae0394000-7f7ae0396000 r--s 0000f000 08:05 9701029                    /home/wufei/NetBeansProjects/ship/lib/jai_cliwrapper_jiio-1.1.3.jar
7f7ae0396000-7f7ae0398000 r--s 0000d000 08:05 9703031                    /home/wufei/NetBeansProjects/ship/lib/commons-logging-1.1.1.jar
7f7ae0398000-7f7ae039b000 r--s 00019000 08:05 9703021                    /home/wufei/NetBeansProjects/ship/lib/httpclient-cache-4.2.jar
7f7ae039b000-7f7ae039d000 r--s 00006000 08:05 9703016                    /home/wufei/NetBeansProjects/ship/lib/httpcore-ab-4.2.1.jar
7f7ae039d000-7f7ae03a2000 r--s 00079000 08:05 9703020                    /home/wufei/NetBeansProjects/ship/lib/mysql-connector-java-5.0.5.jar
7f7ae03a2000-7f7ae03a4000 r--s 00009000 08:05 9701039                    /home/wufei/NetBeansProjects/ship/lib/java-image-scaling-0.8.5.jar
7f7ae03a4000-7f7ae03a5000 r--s 00002000 08:05 9703034                    /home/wufei/NetBeansProjects/ship/lib/slf4j-log4j12-1.6.0.jar
7f7ae03a5000-7f7ae03af000 r--s 0005f000 08:05 9703014                    /home/wufei/NetBeansProjects/ship/lib/jcaptcha-all-1.0-RC6.jar
7f7ae03af000-7f7ae03b0000 r--s 00009000 08:05 9703032                    /home/wufei/NetBeansProjects/ship/lib/org.json-chargebee-1.0.jar
7f7ae03b0000-7f7ae03b2000 r--s 00008000 08:05 9703022                    /home/wufei/NetBeansProjects/ship/lib/sdk-6.1.0.jar
7f7ae03b2000-7f7ae03bc000 r--s 0005f000 08:05 9703025                    /home/wufei/NetBeansProjects/ship/lib/jcaptcha-all-1.0-RC6_1.jar
7f7ae03bc000-7f7ae03c1000 r--s 00040000 08:05 9703023                    /home/wufei/NetBeansProjects/ship/lib/commons-httpclient-3.0.1.jar
7f7ae03c1000-7f7ae03c5000 r--s 0003c000 08:05 9701038                    /home/wufei/NetBeansProjects/ship/lib/jai_codec-1.1.3.jar
7f7ae03c5000-7f7ae03cb000 r--s 00031000 08:05 9703028                    /home/wufei/NetBeansProjects/ship/lib/httpcore-4.2.1.jar
7f7ae03cb000-7f7ae03d2000 r--s 00051000 08:05 9703033                    /home/wufei/NetBeansProjects/ship/lib/log4j-1.2.13.jar
7f7ae03d2000-7f7ae03d4000 r--s 0000a000 08:05 9701022                    /home/wufei/NetBeansProjects/ship/lib/jai_mlibwrapper-1.1.3.jar
7f7ae03d4000-7f7ae03d5000 r--s 00005000 08:05 9703026                    /home/wufei/NetBeansProjects/ship/lib/noggit-0.5.jar
7f7ae03d5000-7f7ae03db000 r--s 00033000 08:05 9703027                    /home/wufei/NetBeansProjects/ship/lib/commons-codec-1.6.jar
7f7ae03db000-7f7ae03dd000 r--s 00005000 08:05 9703029                    /home/wufei/NetBeansProjects/ship/lib/httpmime-4.2.jar
7f7ae03dd000-7f7ae03e6000 r--s 0005f000 08:05 9703019                    /home/wufei/NetBeansProjects/ship/lib/httpclient-4.2.jar
7f7ae03e6000-7f7ae03e8000 r--s 00009000 08:05 9703018                    /home/wufei/NetBeansProjects/ship/lib/commons-cli-1.2.jar
7f7ae03e8000-7f7ae03eb000 r--s 00023000 08:05 9701033                    /home/wufei/NetBeansProjects/ship/lib/simple_img-1.0.jar
7f7ae03eb000-7f7ae03ed000 r--s 00008000 08:05 1575516                    /home/wufei/.grails/ivy-cache/org.apache.tomcat.embed/tomcat-embed-logging-juli/jars/tomcat-embed-logging-juli-7.0.30.jar
7f7ae03ed000-7f7ae03ef000 r--s 0000c000 08:05 1575514                    /home/wufei/.grails/ivy-cache/org.apache.tomcat/tomcat-catalina-ant/jars/tomcat-catalina-ant-7.0.30.jar
7f7ae03ef000-7f7ae03f1000 r--s 00013000 08:05 1444606                    /home/wufei/.grails/ivy-cache/org.apache.tomcat.embed/tomcat-embed-logging-log4j/jars/tomcat-embed-logging-log4j-7.0.30.jar
7f7ae03f1000-7f7ae03fc000 r--s 000b6000 08:05 1444604                    /home/wufei/.grails/ivy-cache/org.apache.tomcat.embed/tomcat-embed-jasper/jars/tomcat-embed-jasper-7.0.30.jar
7f7ae03fc000-7f7ae040c000 r--s 0019c000 08:05 1444602                    /home/wufei/.grails/ivy-cache/org.eclipse.jdt.core.compiler/ecj/jars/ecj-3.7.2.jar
7f7ae040c000-7f7ae042e000 r--s 00254000 08:05 1444600                    /home/wufei/.grails/ivy-cache/org.apache.tomcat.embed/tomcat-embed-core/jars/tomcat-embed-core-7.0.30.jar
7f7ae042e000-7f7ae0430000 r--s 00011000 08:05 3408677                    /home/wufei/.grails/ivy-cache/org.grails/grails-plugin-tomcat/jars/grails-plugin-tomcat-2.2.1.jar
7f7ae0430000-7f7ae0432000 r--s 00017000 08:05 1444596                    /home/wufei/.grails/ivy-cache/org.apache.ant/ant-junit/jars/ant-junit-1.8.2.jar
7f7ae0432000-7f7ae0434000 r--s 00002000 08:05 1444594                    /home/wufei/.grails/ivy-cache/org.apache.ant/ant-launcher/jars/ant-launcher-1.8.2.jar
7f7ae0434000-7f7ae0452000 r--s 001bb000 08:05 1444592                    /home/wufei/.grails/ivy-cache/org.apache.ant/ant/jars/ant-1.8.2.jar
7f7ae0452000-7f7ae0454000 r--s 00003000 08:05 3408673                    /home/wufei/.grails/ivy-cache/org.slf4j/jcl-over-slf4j/jars/jcl-over-slf4j-1.6.2.jar
7f7ae0454000-7f7ae0456000 r--s 00005000 08:05 3015474                    /home/wufei/.grails/ivy-cache/org.slf4j/slf4j-api/jars/slf4j-api-1.6.2.jar
7f7ae0456000-7f7ae045f000 r--s 000cd000 08:05 3408671                    /home/wufei/.grails/ivy-cache/org.grails/grails-scripts/jars/grails-scripts-2.2.1.jar
7f7ae045f000-7f7ae046a000 r--s 000aa000 08:05 3015400                    /home/wufei/.grails/ivy-cache/org.grails/grails-bootstrap/jars/grails-bootstrap-2.2.1.jar
7f7ae046a000-7f7ae046d000 r--s 00044000 08:05 3408669                    /home/wufei/.grails/ivy-cache/org.grails/grails-docs/jars/grails-docs-2.2.1.jar
7f7ae046d000-7f7ae0470000 r--s 00041000 08:05 1444590                    /home/wufei/.grails/ivy-cache/xalan/serializer/jars/serializer-2.7.1.jar
7f7ae0470000-7f7ae0473000 r--s 000cf000 08:05 1444588                    /home/wufei/.grails/ivy-cache/net.java.dev.jna/jna/jars/jna-3.2.3.jar
7f7ae0473000-7f7ae0475000 r--s 00008000 08:05 1313498                    /home/wufei/.grails/ivy-cache/org.fusesource.jansi/jansi/jars/jansi-1.2.1.jar
7f7ae0475000-7f7ae049a000 r--s 00172000 08:05 1313492                    /home/wufei/.grails/ivy-cache/org.bouncycastle/bcprov-jdk15/jars/bcprov-jdk15-1.45.jar
7f7ae049a000-7f7ae049d000 ---p 00000000 00:00 0 
7f7ae049d000-7f7ae04d3000 rw-p 00000000 00:00 0 
7f7ae04d3000-7f7ae04e8000 r-xp 00000000 08:05 23337536                   /tmp/jna5064255182400154658.tmp
7f7ae04e8000-7f7ae05e7000 ---p 00015000 08:05 23337536                   /tmp/jna5064255182400154658.tmp
7f7ae05e7000-7f7ae05e9000 rw-p 00014000 08:05 23337536                   /tmp/jna5064255182400154658.tmp
7f7ae05e9000-7f7ae0654000 r--s 00e19000 08:05 2631820                    /home/wufei/dev/java/jdk1.7.0_45/lib/tools.jar
7f7ae0654000-7f7ae066a000 r-xp 00000000 08:05 7997721                    /home/wufei/dev/java/jdk1.7.0_45/jre/lib/amd64/libnet.so
7f7ae066a000-7f7ae086a000 ---p 00016000 08:05 7997721                    /home/wufei/dev/java/jdk1.7.0_45/jre/lib/amd64/libnet.so
7f7ae086a000-7f7ae086b000 rw-p 00016000 08:05 7997721                    /home/wufei/dev/java/jdk1.7.0_45/jre/lib/amd64/libnet.so
7f7ae086b000-7f7ae086e000 ---p 00000000 00:00 0 
7f7ae086e000-7f7ae096c000 rw-p 00000000 00:00 0                          [stack:15364]
7f7ae096c000-7f7ae096d000 r-xp 00000000 08:05 12192240                   /home/wufei/dev/idea-IU-135.690/bin/libbreakgen64.so
7f7ae096d000-7f7ae0b6c000 ---p 00001000 08:05 12192240                   /home/wufei/dev/idea-IU-135.690/bin/libbreakgen64.so
7f7ae0b6c000-7f7ae0b6d000 r--p 00000000 08:05 12192240                   /home/wufei/dev/idea-IU-135.690/bin/libbreakgen64.so
7f7ae0b6d000-7f7ae0b6e000 rw-p 00001000 08:05 12192240                   /home/wufei/dev/idea-IU-135.690/bin/libbreakgen64.so
7f7ae0b6e000-7f7ae0b6f000 ---p 00000000 00:00 0 
7f7ae0b6f000-7f7ae0c6f000 rw-p 00000000 00:00 0                          [stack:15363]
7f7ae0c6f000-7f7ae0c72000 ---p 00000000 00:00 0 
7f7ae0c72000-7f7ae0d70000 rw-p 00000000 00:00 0                          [stack:15362]
7f7ae0d70000-7f7ae0d73000 ---p 00000000 00:00 0 
7f7ae0d73000-7f7ae0e71000 rw-p 00000000 00:00 0                          [stack:15361]
7f7ae0e71000-7f7ae0e74000 ---p 00000000 00:00 0 
7f7ae0e74000-7f7ae0f72000 rw-p 00000000 00:00 0                          [stack:15360]
7f7ae0f72000-7f7ae0f75000 ---p 00000000 00:00 0 
7f7ae0f75000-7f7ae1073000 rw-p 00000000 00:00 0                          [stack:15359]
7f7ae1073000-7f7ae18f9000 r--p 00000000 08:05 20584584                   /usr/lib/locale/locale-archive
7f7ae18f9000-7f7ae18fc000 ---p 00000000 00:00 0 
7f7ae18fc000-7f7ae19fa000 rw-p 00000000 00:00 0                          [stack:15358]
7f7ae19fa000-7f7ae19fd000 ---p 00000000 00:00 0 
7f7ae19fd000-7f7ae1afb000 rw-p 00000000 00:00 0                          [stack:15357]
7f7ae1afb000-7f7ae1afc000 ---p 00000000 00:00 0 
7f7ae1afc000-7f7ae4000000 rw-p 00000000 00:00 0                          [stack:15356]
7f7ae4000000-7f7ae4037000 rw-p 00000000 00:00 0 
7f7ae4037000-7f7ae8000000 ---p 00000000 00:00 0 
7f7ae8000000-7f7ae8001000 r--s 00001000 08:05 1444598                    /home/wufei/.grails/ivy-cache/org.apache.ant/ant-trax/jars/ant-trax-1.7.1.jar
7f7ae8001000-7f7ae8010000 r--s 000d9000 08:05 1313496                    /home/wufei/.grails/ivy-cache/org.apache.ivy/ivy/jars/ivy-2.2.0.jar
7f7ae8010000-7f7ae8012000 r--s 00015000 08:05 1313494                    /home/wufei/.grails/ivy-cache/jline/jline/jars/jline-1.0.jar
7f7ae8012000-7f7ae8017000 r--s 00024000 08:05 1313490                    /home/wufei/.grails/ivy-cache/org.bouncycastle/bcpg-jdk15/jars/bcpg-jdk15-1.45.jar
7f7ae8017000-7f7ae8018000 r--s 00003000 08:05 1313488                    /home/wufei/.grails/ivy-cache/com.googlecode.json-simple/json-simple/jars/json-simple-1.1.jar
7f7ae8018000-7f7ae801e000 r--s 00068000 08:05 1313486                    /home/wufei/.grails/ivy-cache/com.google.protobuf/protobuf-java/jars/protobuf-java-2.4.1.jar
7f7ae801e000-7f7ae8021000 r--s 0001a000 08:05 1313484                    /home/wufei/.grails/ivy-cache/org.springframework.uaa/org.springframework.uaa.client/bundles/org.springframework.uaa.client-1.0.1.RELEASE.jar
7f7ae8021000-7f7ae802b000 r--s 00250000 08:05 7997604                    /home/wufei/dev/java/jdk1.7.0_45/jre/lib/resources.jar
7f7ae802b000-7f7ae802f000 r--s 000f7000 08:05 7997676                    /home/wufei/dev/java/jdk1.7.0_45/jre/lib/ext/localedata.jar
7f7ae802f000-7f7ae8031000 r--s 00001000 08:05 7997681                    /home/wufei/dev/java/jdk1.7.0_45/jre/lib/ext/dnsns.jar
7f7ae8031000-7f7ae8036000 r--s 00050000 08:05 2228519                    /home/wufei/dev/grails-2.2.1/lib/org.codehaus.gant/gant_groovy1.8/jars/gant_groovy1.8-1.9.6.jar
7f7ae8036000-7f7ae8054000 r--s 001bb000 08:05 2229223                    /home/wufei/dev/grails-2.2.1/lib/org.apache.ant/ant/jars/ant-1.8.2.jar
7f7ae8054000-7f7ae8063000 r--s 000d9000 08:05 1312098                    /home/wufei/dev/grails-2.2.1/lib/org.apache.ivy/ivy/jars/ivy-2.2.0.jar
7f7ae8063000-7f7ae80c3000 r--s 00596000 08:05 1049816                    /home/wufei/dev/grails-2.2.1/lib/org.codehaus.groovy/groovy-all/jars/groovy-all-2.0.7.jar
7f7ae80c3000-7f7ae8bce000 rw-p 00000000 00:00 0 
7f7ae8bce000-7f7ae8d8a000 r--s 039b2000 08:05 7997485                    /home/wufei/dev/java/jdk1.7.0_45/jre/lib/rt.jar
7f7ae8d8a000-7f7ae9000000 rw-p 00000000 00:00 0 
7f7ae9000000-7f7ae9780000 rwxp 00000000 00:00 0 
7f7ae9780000-7f7aed32a000 rw-p 00000000 00:00 0 
7f7aed32a000-7f7af0000000 ---p 00000000 00:00 0 
7f7af0000000-7f7af0004000 r--s 0008a000 08:05 7997686                    /home/wufei/dev/java/jdk1.7.0_45/jre/lib/jsse.jar
7f7af0004000-7f7af0007000 r--s 000cf000 08:05 1966394                    /home/wufei/dev/grails-2.2.1/lib/net.java.dev.jna/jna/jars/jna-3.2.3.jar
7f7af0007000-7f7af00ad000 rw-p 00000000 00:00 0 
7f7af00ad000-7f7af00ae000 ---p 00000000 00:00 0 
7f7af00ae000-7f7af01ae000 rw-p 00000000 00:00 0                          [stack:15355]
7f7af01ae000-7f7af01af000 ---p 00000000 00:00 0 
7f7af01af000-7f7af02af000 rw-p 00000000 00:00 0                          [stack:15354]
7f7af02af000-7f7af02b0000 ---p 00000000 00:00 0 
7f7af02b0000-7f7af03b0000 rw-p 00000000 00:00 0                          [stack:15353]
7f7af03b0000-7f7af03b1000 ---p 00000000 00:00 0 
7f7af03b1000-7f7af06b1000 rw-p 00000000 00:00 0                          [stack:15352]
7f7af06b1000-7f7af0832000 rw-p 00000000 00:00 0 
7f7af0832000-7f7af084c000 r-xp 00000000 08:05 7997746                    /home/wufei/dev/java/jdk1.7.0_45/jre/lib/amd64/libzip.so
7f7af084c000-7f7af0a4c000 ---p 0001a000 08:05 7997746                    /home/wufei/dev/java/jdk1.7.0_45/jre/lib/amd64/libzip.so
7f7af0a4c000-7f7af0a4d000 rw-p 0001a000 08:05 7997746                    /home/wufei/dev/java/jdk1.7.0_45/jre/lib/amd64/libzip.so
7f7af0a4d000-7f7af0a59000 r-xp 00000000 08:05 20976537                   /lib/x86_64-linux-gnu/libnss_files-2.17.so
7f7af0a59000-7f7af0c58000 ---p 0000c000 08:05 20976537                   /lib/x86_64-linux-gnu/libnss_files-2.17.so
7f7af0c58000-7f7af0c59000 r--p 0000b000 08:05 20976537                   /lib/x86_64-linux-gnu/libnss_files-2.17.so
7f7af0c59000-7f7af0c5a000 rw-p 0000c000 08:05 20976537                   /lib/x86_64-linux-gnu/libnss_files-2.17.so
7f7af0c5a000-7f7af0c65000 r-xp 00000000 08:05 20976544                   /lib/x86_64-linux-gnu/libnss_nis-2.17.so
7f7af0c65000-7f7af0e64000 ---p 0000b000 08:05 20976544                   /lib/x86_64-linux-gnu/libnss_nis-2.17.so
7f7af0e64000-7f7af0e65000 r--p 0000a000 08:05 20976544                   /lib/x86_64-linux-gnu/libnss_nis-2.17.so
7f7af0e65000-7f7af0e66000 rw-p 0000b000 08:05 20976544                   /lib/x86_64-linux-gnu/libnss_nis-2.17.so
7f7af0e66000-7f7af0e7d000 r-xp 00000000 08:05 20976533                   /lib/x86_64-linux-gnu/libnsl-2.17.so
7f7af0e7d000-7f7af107c000 ---p 00017000 08:05 20976533                   /lib/x86_64-linux-gnu/libnsl-2.17.so
7f7af107c000-7f7af107d000 r--p 00016000 08:05 20976533                   /lib/x86_64-linux-gnu/libnsl-2.17.so
7f7af107d000-7f7af107e000 rw-p 00017000 08:05 20976533                   /lib/x86_64-linux-gnu/libnsl-2.17.so
7f7af107e000-7f7af1080000 rw-p 00000000 00:00 0 
7f7af1080000-7f7af1088000 r-xp 00000000 08:05 20976546                   /lib/x86_64-linux-gnu/libnss_compat-2.17.so
7f7af1088000-7f7af1287000 ---p 00008000 08:05 20976546                   /lib/x86_64-linux-gnu/libnss_compat-2.17.so
7f7af1287000-7f7af1288000 r--p 00007000 08:05 20976546                   /lib/x86_64-linux-gnu/libnss_compat-2.17.so
7f7af1288000-7f7af1289000 rw-p 00008000 08:05 20976546                   /lib/x86_64-linux-gnu/libnss_compat-2.17.so
7f7af1289000-7f7af1293000 r-xp 00000000 08:05 7997747                    /home/wufei/dev/java/jdk1.7.0_45/jre/lib/amd64/libinstrument.so
7f7af1293000-7f7af1492000 ---p 0000a000 08:05 7997747                    /home/wufei/dev/java/jdk1.7.0_45/jre/lib/amd64/libinstrument.so
7f7af1492000-7f7af1493000 rw-p 00009000 08:05 7997747                    /home/wufei/dev/java/jdk1.7.0_45/jre/lib/amd64/libinstrument.so
7f7af1493000-7f7af14bc000 r-xp 00000000 08:05 7997737                    /home/wufei/dev/java/jdk1.7.0_45/jre/lib/amd64/libjava.so
7f7af14bc000-7f7af16bc000 ---p 00029000 08:05 7997737                    /home/wufei/dev/java/jdk1.7.0_45/jre/lib/amd64/libjava.so
7f7af16bc000-7f7af16be000 rw-p 00029000 08:05 7997737                    /home/wufei/dev/java/jdk1.7.0_45/jre/lib/amd64/libjava.so
7f7af16be000-7f7af16cb000 r-xp 00000000 08:05 7997726                    /home/wufei/dev/java/jdk1.7.0_45/jre/lib/amd64/libverify.so
7f7af16cb000-7f7af18ca000 ---p 0000d000 08:05 7997726                    /home/wufei/dev/java/jdk1.7.0_45/jre/lib/amd64/libverify.so
7f7af18ca000-7f7af18cc000 rw-p 0000c000 08:05 7997726                    /home/wufei/dev/java/jdk1.7.0_45/jre/lib/amd64/libverify.so
7f7af18cc000-7f7af18d3000 r-xp 00000000 08:05 20976540                   /lib/x86_64-linux-gnu/librt-2.17.so
7f7af18d3000-7f7af1ad2000 ---p 00007000 08:05 20976540                   /lib/x86_64-linux-gnu/librt-2.17.so
7f7af1ad2000-7f7af1ad3000 r--p 00006000 08:05 20976540                   /lib/x86_64-linux-gnu/librt-2.17.so
7f7af1ad3000-7f7af1ad4000 rw-p 00007000 08:05 20976540                   /lib/x86_64-linux-gnu/librt-2.17.so
7f7af1ad4000-7f7af1bd7000 r-xp 00000000 08:05 20976545                   /lib/x86_64-linux-gnu/libm-2.17.so
7f7af1bd7000-7f7af1dd7000 ---p 00103000 08:05 20976545                   /lib/x86_64-linux-gnu/libm-2.17.so
7f7af1dd7000-7f7af1dd8000 r--p 00103000 08:05 20976545                   /lib/x86_64-linux-gnu/libm-2.17.so
7f7af1dd8000-7f7af1dd9000 rw-p 00104000 08:05 20976545                   /lib/x86_64-linux-gnu/libm-2.17.so
7f7af1dd9000-7f7af293b000 r-xp 00000000 08:05 7997744                    /home/wufei/dev/java/jdk1.7.0_45/jre/lib/amd64/server/libjvm.so
7f7af293b000-7f7af2b3b000 ---p 00b62000 08:05 7997744                    /home/wufei/dev/java/jdk1.7.0_45/jre/lib/amd64/server/libjvm.so
7f7af2b3b000-7f7af2bfe000 rw-p 00b62000 08:05 7997744                    /home/wufei/dev/java/jdk1.7.0_45/jre/lib/amd64/server/libjvm.so
7f7af2bfe000-7f7af2c3f000 rw-p 00000000 00:00 0 
7f7af2c3f000-7f7af2dfe000 r-xp 00000000 08:05 20976548                   /lib/x86_64-linux-gnu/libc-2.17.so
7f7af2dfe000-7f7af2ffd000 ---p 001bf000 08:05 20976548                   /lib/x86_64-linux-gnu/libc-2.17.so
7f7af2ffd000-7f7af3001000 r--p 001be000 08:05 20976548                   /lib/x86_64-linux-gnu/libc-2.17.so
7f7af3001000-7f7af3003000 rw-p 001c2000 08:05 20976548                   /lib/x86_64-linux-gnu/libc-2.17.so
7f7af3003000-7f7af3008000 rw-p 00000000 00:00 0 
7f7af3008000-7f7af300b000 r-xp 00000000 08:05 20976536                   /lib/x86_64-linux-gnu/libdl-2.17.so
7f7af300b000-7f7af320a000 ---p 00003000 08:05 20976536                   /lib/x86_64-linux-gnu/libdl-2.17.so
7f7af320a000-7f7af320b000 r--p 00002000 08:05 20976536                   /lib/x86_64-linux-gnu/libdl-2.17.so
7f7af320b000-7f7af320c000 rw-p 00003000 08:05 20976536                   /lib/x86_64-linux-gnu/libdl-2.17.so
7f7af320c000-7f7af3222000 r-xp 00000000 08:05 2760394                    /home/wufei/dev/java/jdk1.7.0_45/lib/amd64/jli/libjli.so
7f7af3222000-7f7af3422000 ---p 00016000 08:05 2760394                    /home/wufei/dev/java/jdk1.7.0_45/lib/amd64/jli/libjli.so
7f7af3422000-7f7af3423000 rw-p 00016000 08:05 2760394                    /home/wufei/dev/java/jdk1.7.0_45/lib/amd64/jli/libjli.so
7f7af3423000-7f7af343b000 r-xp 00000000 08:05 20976534                   /lib/x86_64-linux-gnu/libpthread-2.17.so
7f7af343b000-7f7af363a000 ---p 00018000 08:05 20976534                   /lib/x86_64-linux-gnu/libpthread-2.17.so
7f7af363a000-7f7af363b000 r--p 00017000 08:05 20976534                   /lib/x86_64-linux-gnu/libpthread-2.17.so
7f7af363b000-7f7af363c000 rw-p 00018000 08:05 20976534                   /lib/x86_64-linux-gnu/libpthread-2.17.so
7f7af363c000-7f7af3640000 rw-p 00000000 00:00 0 
7f7af3640000-7f7af3663000 r-xp 00000000 08:05 20975156                   /lib/x86_64-linux-gnu/ld-2.17.so
7f7af3663000-7f7af3665000 r--s 00009000 08:05 1966879                    /home/wufei/dev/grails-2.2.1/lib/commons-cli/commons-cli/jars/commons-cli-1.2.jar
7f7af3665000-7f7af3667000 r--s 00008000 08:05 2097713                    /home/wufei/dev/grails-2.2.1/lib/org.fusesource.jansi/jansi/jars/jansi-1.2.1.jar
7f7af3667000-7f7af366e000 r--s 00068000 08:05 2490738                    /home/wufei/dev/grails-2.2.1/lib/org.springsource.springloaded/springloaded-core/jars/springloaded-core-1.1.1.jar
7f7af366e000-7f7af3679000 r--s 000aa000 08:05 1181960                    /home/wufei/dev/grails-2.2.1/dist/grails-bootstrap-2.2.1.jar
7f7af3679000-7f7af3697000 rw-p 00000000 00:00 0 
7f7af3697000-7f7af3739000 rw-p 00000000 00:00 0 
7f7af3739000-7f7af373c000 ---p 00000000 00:00 0 
7f7af373c000-7f7af383e000 rw-p 00000000 00:00 0                          [stack:15351]
7f7af383e000-7f7af3840000 r--s 00015000 08:05 1311132                    /home/wufei/dev/grails-2.2.1/lib/jline/jline/jars/jline-1.0.jar
7f7af3840000-7f7af3842000 r--s 00015000 08:05 12192335                   /home/wufei/dev/idea-IU-135.690/lib/idea_rt.jar
7f7af3842000-7f7af3856000 rw-p 00000000 00:00 0 
7f7af3856000-7f7af385e000 rw-s 00000000 08:05 23337497                   /tmp/hsperfdata_wufei/15350
7f7af385e000-7f7af385f000 rw-p 00000000 00:00 0 
7f7af385f000-7f7af3860000 r--p 00000000 00:00 0 
7f7af3860000-7f7af3862000 rw-p 00000000 00:00 0 
7f7af3862000-7f7af3863000 r--p 00022000 08:05 20975156                   /lib/x86_64-linux-gnu/ld-2.17.so
7f7af3863000-7f7af3865000 rw-p 00023000 08:05 20975156                   /lib/x86_64-linux-gnu/ld-2.17.so
7fff46b30000-7fff46b52000 rw-p 00000000 00:00 0                          [stack]
7fff46bfe000-7fff46c00000 r-xp 00000000 00:00 0                          [vdso]
ffffffffff600000-ffffffffff601000 r-xp 00000000 00:00 0                  [vsyscall]

VM Arguments:
jvm_args: -Dgrails.home=/home/wufei/dev/grails-2.2.1 -Dbase.dir=/home/wufei/NetBeansProjects/ship -Dtools.jar=/home/wufei/dev/java/jdk1.7.0_45/lib/tools.jar -Dgroovy.starter.conf=/home/wufei/dev/grails-2.2.1/conf/groovy-starter.conf -Xmx768M -Xms768M -XX:MaxPermSize=256m -XX:PermSize=256m -javaagent:/home/wufei/dev/grails-2.2.1/lib/org.springsource.springloaded/springloaded-core/jars/springloaded-core-1.1.1.jar -Xverify:none -Dspringloaded=profile=grails -Didea.launcher.port=7532 -Didea.launcher.bin.path=/home/wufei/dev/idea-IU-135.690/bin -Dfile.encoding=UTF-8 
java_command: com.intellij.rt.execution.application.AppMain org.codehaus.groovy.grails.cli.support.GrailsStarter --main org.codehaus.groovy.grails.cli.GrailsScriptRunner --conf /home/wufei/dev/grails-2.2.1/conf/groovy-starter.conf run-app -plain-output
Launcher Type: SUN_STANDARD

Environment Variables:
JAVA_HOME=/home/wufei/dev/java/jdk1.7.0_45
JRE_HOME=/home/wufei/dev/java/jdk1.7.0.45/jre
CLASSPATH=./../lib/bootstrap.jar:./../lib/extensions.jar:./../lib/util.jar:./../lib/jdom.jar:./../lib/log4j.jar:./../lib/trove4j.jar:./../lib/jna.jar:/usr/lib/jvm/java-7-openjdk-amd64/lib/tools.jar
PATH=/home/wufei/bin/Sencha/Cmd/3.1.2.342:/home/wufei/bin/Sencha/Cmd/3.1.2.342:/home/wufei/bin:/home/wufei/dev/gradle-1.6/bin:/home/wufei/dev/java/jdk1.7.0.45/bin:/home/wufei/dev/java/jdk1.7.0.45/jre/bin:/home/wufei/dev/android/adt/sdk/platform-tools:/home/wufei/dev/android/adt/sdk/tools:/usr/local/sbin:/usr/local/bin:/usr/sbin:/usr/bin:/sbin:/bin:/usr/games:/usr/local/games
USERNAME=wufei
LD_LIBRARY_PATH=.:
SHELL=/bin/bash
DISPLAY=:0.0

Signal Handlers:
SIGSEGV: [libjvm.so+0x9935b0], sa_mask[0]=0x7ffbfeff, sa_flags=0x10000004
SIGBUS: [libjvm.so+0x9935b0], sa_mask[0]=0x7ffbfeff, sa_flags=0x10000004
SIGFPE: [libjvm.so+0x810330], sa_mask[0]=0x7ffbfeff, sa_flags=0x10000004
SIGPIPE: [libjvm.so+0x810330], sa_mask[0]=0x7ffbfeff, sa_flags=0x10000004
SIGXFSZ: [libjvm.so+0x810330], sa_mask[0]=0x7ffbfeff, sa_flags=0x10000004
SIGILL: [libjvm.so+0x810330], sa_mask[0]=0x7ffbfeff, sa_flags=0x10000004
SIGUSR1: SIG_DFL, sa_mask[0]=0x00000000, sa_flags=0x00000000
SIGUSR2: [libjvm.so+0x811820], sa_mask[0]=0x00000004, sa_flags=0x10000004
SIGHUP: [libjvm.so+0x812790], sa_mask[0]=0x7ffbfeff, sa_flags=0x10000004
SIGINT: [libjvm.so+0x812790], sa_mask[0]=0x7ffbfeff, sa_flags=0x10000004
SIGTERM: [libjvm.so+0x812790], sa_mask[0]=0x7ffbfeff, sa_flags=0x10000004
SIGQUIT: [libjvm.so+0x812790], sa_mask[0]=0x7ffbfeff, sa_flags=0x10000004


---------------  S Y S T E M  ---------------

OS:wheezy/sid

uname:Linux 3.8.0-35-generic #50-Ubuntu SMP Tue Dec 3 01:24:59 UTC 2013 x86_64
libc:glibc 2.17 NPTL 2.17 
rlimit: STACK 8192k, CORE 0k, NPROC 79338, NOFILE 4096, AS infinity
load average:3.99 2.19 1.43

/proc/meminfo:
MemTotal:       10174496 kB
MemFree:         2071548 kB
Buffers:          290156 kB
Cached:          2811280 kB
SwapCached:            0 kB
Active:          5777164 kB
Inactive:        1942428 kB
Active(anon):    4632860 kB
Inactive(anon):   197616 kB
Active(file):    1144304 kB
Inactive(file):  1744812 kB
Unevictable:         200 kB
Mlocked:             200 kB
SwapTotal:             0 kB
SwapFree:              0 kB
Dirty:             36912 kB
Writeback:             0 kB
AnonPages:       4618408 kB
Mapped:           418480 kB
Shmem:            212276 kB
Slab:             218872 kB
SReclaimable:     169912 kB
SUnreclaim:        48960 kB
KernelStack:        7072 kB
PageTables:        56688 kB
NFS_Unstable:          0 kB
Bounce:                0 kB
WritebackTmp:          0 kB
CommitLimit:     5087248 kB
Committed_AS:    9530696 kB
VmallocTotal:   34359738367 kB
VmallocUsed:      564352 kB
VmallocChunk:   34359169116 kB
HardwareCorrupted:     0 kB
AnonHugePages:         0 kB
HugePages_Total:       0
HugePages_Free:        0
HugePages_Rsvd:        0
HugePages_Surp:        0
Hugepagesize:       2048 kB
DirectMap4k:       77824 kB
DirectMap2M:    10350592 kB


CPU:total 4 (2 cores per cpu, 2 threads per core) family 6 model 42 stepping 7, cmov, cx8, fxsr, mmx, sse, sse2, sse3, ssse3, sse4.1, sse4.2, popcnt, avx, ht, tsc, tscinvbit

/proc/cpuinfo:
processor	: 0
vendor_id	: GenuineIntel
cpu family	: 6
model		: 42
model name	: Intel(R) Core(TM) i3-2310M CPU @ 2.10GHz
stepping	: 7
microcode	: 0x14
cpu MHz		: 1700.000
cache size	: 3072 KB
physical id	: 0
siblings	: 4
core id		: 0
cpu cores	: 2
apicid		: 0
initial apicid	: 0
fpu		: yes
fpu_exception	: yes
cpuid level	: 13
wp		: yes
flags		: fpu vme de pse tsc msr pae mce cx8 apic sep mtrr pge mca cmov pat pse36 clflush dts acpi mmx fxsr sse sse2 ss ht tm pbe syscall nx rdtscp lm constant_tsc arch_perfmon pebs bts rep_good nopl xtopology nonstop_tsc aperfmperf eagerfpu pni pclmulqdq dtes64 monitor ds_cpl vmx est tm2 ssse3 cx16 xtpr pdcm pcid sse4_1 sse4_2 x2apic popcnt tsc_deadline_timer xsave avx lahf_lm arat epb xsaveopt pln pts dtherm tpr_shadow vnmi flexpriority ept vpid
bogomips	: 4190.25
clflush size	: 64
cache_alignment	: 64
address sizes	: 36 bits physical, 48 bits virtual
power management:

processor	: 1
vendor_id	: GenuineIntel
cpu family	: 6
model		: 42
model name	: Intel(R) Core(TM) i3-2310M CPU @ 2.10GHz
stepping	: 7
microcode	: 0x14
cpu MHz		: 1700.000
cache size	: 3072 KB
physical id	: 0
siblings	: 4
core id		: 0
cpu cores	: 2
apicid		: 1
initial apicid	: 1
fpu		: yes
fpu_exception	: yes
cpuid level	: 13
wp		: yes
flags		: fpu vme de pse tsc msr pae mce cx8 apic sep mtrr pge mca cmov pat pse36 clflush dts acpi mmx fxsr sse sse2 ss ht tm pbe syscall nx rdtscp lm constant_tsc arch_perfmon pebs bts rep_good nopl xtopology nonstop_tsc aperfmperf eagerfpu pni pclmulqdq dtes64 monitor ds_cpl vmx est tm2 ssse3 cx16 xtpr pdcm pcid sse4_1 sse4_2 x2apic popcnt tsc_deadline_timer xsave avx lahf_lm arat epb xsaveopt pln pts dtherm tpr_shadow vnmi flexpriority ept vpid
bogomips	: 4190.25
clflush size	: 64
cache_alignment	: 64
address sizes	: 36 bits physical, 48 bits virtual
power management:

processor	: 2
vendor_id	: GenuineIntel
cpu family	: 6
model		: 42
model name	: Intel(R) Core(TM) i3-2310M CPU @ 2.10GHz
stepping	: 7
microcode	: 0x14
cpu MHz		: 1700.000
cache size	: 3072 KB
physical id	: 0
siblings	: 4
core id		: 1
cpu cores	: 2
apicid		: 2
initial apicid	: 2
fpu		: yes
fpu_exception	: yes
cpuid level	: 13
wp		: yes
flags		: fpu vme de pse tsc msr pae mce cx8 apic sep mtrr pge mca cmov pat pse36 clflush dts acpi mmx fxsr sse sse2 ss ht tm pbe syscall nx rdtscp lm constant_tsc arch_perfmon pebs bts rep_good nopl xtopology nonstop_tsc aperfmperf eagerfpu pni pclmulqdq dtes64 monitor ds_cpl vmx est tm2 ssse3 cx16 xtpr pdcm pcid sse4_1 sse4_2 x2apic popcnt tsc_deadline_timer xsave avx lahf_lm arat epb xsaveopt pln pts dtherm tpr_shadow vnmi flexpriority ept vpid
bogomips	: 4190.25
clflush size	: 64
cache_alignment	: 64
address sizes	: 36 bits physical, 48 bits virtual
power management:

processor	: 3
vendor_id	: GenuineIntel
cpu family	: 6
model		: 42
model name	: Intel(R) Core(TM) i3-2310M CPU @ 2.10GHz
stepping	: 7
microcode	: 0x14
cpu MHz		: 1700.000
cache size	: 3072 KB
physical id	: 0
siblings	: 4
core id		: 1
cpu cores	: 2
apicid		: 3
initial apicid	: 3
fpu		: yes
fpu_exception	: yes
cpuid level	: 13
wp		: yes
flags		: fpu vme de pse tsc msr pae mce cx8 apic sep mtrr pge mca cmov pat pse36 clflush dts acpi mmx fxsr sse sse2 ss ht tm pbe syscall nx rdtscp lm constant_tsc arch_perfmon pebs bts rep_good nopl xtopology nonstop_tsc aperfmperf eagerfpu pni pclmulqdq dtes64 monitor ds_cpl vmx est tm2 ssse3 cx16 xtpr pdcm pcid sse4_1 sse4_2 x2apic popcnt tsc_deadline_timer xsave avx lahf_lm arat epb xsaveopt pln pts dtherm tpr_shadow vnmi flexpriority ept vpid
bogomips	: 4190.25
clflush size	: 64
cache_alignment	: 64
address sizes	: 36 bits physical, 48 bits virtual
power management:



Memory: 4k page, physical 10174496k(2071548k free), swap 0k(0k free)

vm_info: Java HotSpot(TM) 64-Bit Server VM (24.45-b08) for linux-amd64 JRE (1.7.0_45-b18), built on Oct  8 2013 05:44:25 by "java_re" with gcc 4.3.0 20080428 (Red Hat 4.3.0-8)

time: Mon Jun 30 21:52:01 2014
elapsed time: 73 seconds

